CRITICAL - 2023-02-22 10:28:31 --> syntax error, unexpected '}', expecting ';' or ','
#0 /var/www/html/kreplin/system/Router/Router.php(160): CodeIgniter\Router\Router->autoRoute()
#1 /var/www/html/kreplin/system/CodeIgniter.php(702): CodeIgniter\Router\Router->handle()
#2 /var/www/html/kreplin/system/CodeIgniter.php(358): CodeIgniter\CodeIgniter->tryToRouteIt()
#3 /var/www/html/kreplin/system/CodeIgniter.php(317): CodeIgniter\CodeIgniter->handleRequest()
#4 /var/www/html/kreplin/public/index.php(36): CodeIgniter\CodeIgniter->run()
#5 {main}
CRITICAL - 2023-02-22 10:41:15 --> Undefined variable: angka1
#0 /var/www/html/kreplin/app/Views/website/hasil_akhir.php(24): CodeIgniter\Debug\Exceptions->errorHandler()
#1 /var/www/html/kreplin/system/View/View.php(214): include('/var/www/html/k...')
#2 /var/www/html/kreplin/system/View/View.php(217): CodeIgniter\View\View->CodeIgniter\View\{closure}()
#3 /var/www/html/kreplin/system/Common.php(1092): CodeIgniter\View\View->render()
#4 /var/www/html/kreplin/app/Controllers/Website.php(87): view()
#5 /var/www/html/kreplin/system/CodeIgniter.php(802): App\Controllers\Website->hasil_akhir()
#6 /var/www/html/kreplin/system/CodeIgniter.php(399): CodeIgniter\CodeIgniter->runController()
#7 /var/www/html/kreplin/system/CodeIgniter.php(317): CodeIgniter\CodeIgniter->handleRequest()
#8 /var/www/html/kreplin/public/index.php(36): CodeIgniter\CodeIgniter->run()
#9 {main}
CRITICAL - 2023-02-22 11:12:43 --> syntax error, unexpected ')'
#0 /var/www/html/kreplin/system/View/View.php(217): CodeIgniter\View\View->CodeIgniter\View\{closure}()
#1 /var/www/html/kreplin/system/Common.php(1092): CodeIgniter\View\View->render()
#2 /var/www/html/kreplin/app/Controllers/Website.php(89): view()
#3 /var/www/html/kreplin/system/CodeIgniter.php(802): App\Controllers\Website->hasil_akhir()
#4 /var/www/html/kreplin/system/CodeIgniter.php(399): CodeIgniter\CodeIgniter->runController()
#5 /var/www/html/kreplin/system/CodeIgniter.php(317): CodeIgniter\CodeIgniter->handleRequest()
#6 /var/www/html/kreplin/public/index.php(36): CodeIgniter\CodeIgniter->run()
#7 {main}
CRITICAL - 2023-02-22 11:13:24 --> Unsupported operand types
#0 /var/www/html/kreplin/system/View/View.php(214): include()
#1 /var/www/html/kreplin/system/View/View.php(217): CodeIgniter\View\View->CodeIgniter\View\{closure}()
#2 /var/www/html/kreplin/system/Common.php(1092): CodeIgniter\View\View->render()
#3 /var/www/html/kreplin/app/Controllers/Website.php(89): view()
#4 /var/www/html/kreplin/system/CodeIgniter.php(802): App\Controllers\Website->hasil_akhir()
#5 /var/www/html/kreplin/system/CodeIgniter.php(399): CodeIgniter\CodeIgniter->runController()
#6 /var/www/html/kreplin/system/CodeIgniter.php(317): CodeIgniter\CodeIgniter->handleRequest()
#7 /var/www/html/kreplin/public/index.php(36): CodeIgniter\CodeIgniter->run()
#8 {main}
CRITICAL - 2023-02-22 11:13:25 --> Unsupported operand types
#0 /var/www/html/kreplin/system/View/View.php(214): include()
#1 /var/www/html/kreplin/system/View/View.php(217): CodeIgniter\View\View->CodeIgniter\View\{closure}()
#2 /var/www/html/kreplin/system/Common.php(1092): CodeIgniter\View\View->render()
#3 /var/www/html/kreplin/app/Controllers/Website.php(89): view()
#4 /var/www/html/kreplin/system/CodeIgniter.php(802): App\Controllers\Website->hasil_akhir()
#5 /var/www/html/kreplin/system/CodeIgniter.php(399): CodeIgniter\CodeIgniter->runController()
#6 /var/www/html/kreplin/system/CodeIgniter.php(317): CodeIgniter\CodeIgniter->handleRequest()
#7 /var/www/html/kreplin/public/index.php(36): CodeIgniter\CodeIgniter->run()
#8 {main}
CRITICAL - 2023-02-22 11:13:39 --> Unsupported operand types
#0 /var/www/html/kreplin/system/View/View.php(214): include()
#1 /var/www/html/kreplin/system/View/View.php(217): CodeIgniter\View\View->CodeIgniter\View\{closure}()
#2 /var/www/html/kreplin/system/Common.php(1092): CodeIgniter\View\View->render()
#3 /var/www/html/kreplin/app/Controllers/Website.php(89): view()
#4 /var/www/html/kreplin/system/CodeIgniter.php(802): App\Controllers\Website->hasil_akhir()
#5 /var/www/html/kreplin/system/CodeIgniter.php(399): CodeIgniter\CodeIgniter->runController()
#6 /var/www/html/kreplin/system/CodeIgniter.php(317): CodeIgniter\CodeIgniter->handleRequest()
#7 /var/www/html/kreplin/public/index.php(36): CodeIgniter\CodeIgniter->run()
#8 {main}
CRITICAL - 2023-02-22 11:13:40 --> Unsupported operand types
#0 /var/www/html/kreplin/system/View/View.php(214): include()
#1 /var/www/html/kreplin/system/View/View.php(217): CodeIgniter\View\View->CodeIgniter\View\{closure}()
#2 /var/www/html/kreplin/system/Common.php(1092): CodeIgniter\View\View->render()
#3 /var/www/html/kreplin/app/Controllers/Website.php(89): view()
#4 /var/www/html/kreplin/system/CodeIgniter.php(802): App\Controllers\Website->hasil_akhir()
#5 /var/www/html/kreplin/system/CodeIgniter.php(399): CodeIgniter\CodeIgniter->runController()
#6 /var/www/html/kreplin/system/CodeIgniter.php(317): CodeIgniter\CodeIgniter->handleRequest()
#7 /var/www/html/kreplin/public/index.php(36): CodeIgniter\CodeIgniter->run()
#8 {main}
CRITICAL - 2023-02-22 11:14:20 --> syntax error, unexpected ')'
#0 /var/www/html/kreplin/system/View/View.php(217): CodeIgniter\View\View->CodeIgniter\View\{closure}()
#1 /var/www/html/kreplin/system/Common.php(1092): CodeIgniter\View\View->render()
#2 /var/www/html/kreplin/app/Controllers/Website.php(89): view()
#3 /var/www/html/kreplin/system/CodeIgniter.php(802): App\Controllers\Website->hasil_akhir()
#4 /var/www/html/kreplin/system/CodeIgniter.php(399): CodeIgniter\CodeIgniter->runController()
#5 /var/www/html/kreplin/system/CodeIgniter.php(317): CodeIgniter\CodeIgniter->handleRequest()
#6 /var/www/html/kreplin/public/index.php(36): CodeIgniter\CodeIgniter->run()
#7 {main}
CRITICAL - 2023-02-22 11:15:27 --> syntax error, unexpected ')'
#0 /var/www/html/kreplin/system/View/View.php(217): CodeIgniter\View\View->CodeIgniter\View\{closure}()
#1 /var/www/html/kreplin/system/Common.php(1092): CodeIgniter\View\View->render()
#2 /var/www/html/kreplin/app/Controllers/Website.php(89): view()
#3 /var/www/html/kreplin/system/CodeIgniter.php(802): App\Controllers\Website->hasil_akhir()
#4 /var/www/html/kreplin/system/CodeIgniter.php(399): CodeIgniter\CodeIgniter->runController()
#5 /var/www/html/kreplin/system/CodeIgniter.php(317): CodeIgniter\CodeIgniter->handleRequest()
#6 /var/www/html/kreplin/public/index.php(36): CodeIgniter\CodeIgniter->run()
#7 {main}
CRITICAL - 2023-02-22 11:20:50 --> Undefined index: q.$x
#0 /var/www/html/kreplin/app/Views/website/hasil_akhir.php(63): CodeIgniter\Debug\Exceptions->errorHandler()
#1 /var/www/html/kreplin/system/View/View.php(214): include('/var/www/html/k...')
#2 /var/www/html/kreplin/system/View/View.php(217): CodeIgniter\View\View->CodeIgniter\View\{closure}()
#3 /var/www/html/kreplin/system/Common.php(1092): CodeIgniter\View\View->render()
#4 /var/www/html/kreplin/app/Controllers/Website.php(89): view()
#5 /var/www/html/kreplin/system/CodeIgniter.php(802): App\Controllers\Website->hasil_akhir()
#6 /var/www/html/kreplin/system/CodeIgniter.php(399): CodeIgniter\CodeIgniter->runController()
#7 /var/www/html/kreplin/system/CodeIgniter.php(317): CodeIgniter\CodeIgniter->handleRequest()
#8 /var/www/html/kreplin/public/index.php(36): CodeIgniter\CodeIgniter->run()
#9 {main}
CRITICAL - 2023-02-22 11:20:52 --> Undefined index: q.$x
#0 /var/www/html/kreplin/app/Views/website/hasil_akhir.php(63): CodeIgniter\Debug\Exceptions->errorHandler()
#1 /var/www/html/kreplin/system/View/View.php(214): include('/var/www/html/k...')
#2 /var/www/html/kreplin/system/View/View.php(217): CodeIgniter\View\View->CodeIgniter\View\{closure}()
#3 /var/www/html/kreplin/system/Common.php(1092): CodeIgniter\View\View->render()
#4 /var/www/html/kreplin/app/Controllers/Website.php(89): view()
#5 /var/www/html/kreplin/system/CodeIgniter.php(802): App\Controllers\Website->hasil_akhir()
#6 /var/www/html/kreplin/system/CodeIgniter.php(399): CodeIgniter\CodeIgniter->runController()
#7 /var/www/html/kreplin/system/CodeIgniter.php(317): CodeIgniter\CodeIgniter->handleRequest()
#8 /var/www/html/kreplin/public/index.php(36): CodeIgniter\CodeIgniter->run()
#9 {main}
CRITICAL - 2023-02-22 11:21:36 --> Undefined index: q110
#0 /var/www/html/kreplin/app/Views/website/hasil_akhir.php(63): CodeIgniter\Debug\Exceptions->errorHandler()
#1 /var/www/html/kreplin/system/View/View.php(214): include('/var/www/html/k...')
#2 /var/www/html/kreplin/system/View/View.php(217): CodeIgniter\View\View->CodeIgniter\View\{closure}()
#3 /var/www/html/kreplin/system/Common.php(1092): CodeIgniter\View\View->render()
#4 /var/www/html/kreplin/app/Controllers/Website.php(89): view()
#5 /var/www/html/kreplin/system/CodeIgniter.php(802): App\Controllers\Website->hasil_akhir()
#6 /var/www/html/kreplin/system/CodeIgniter.php(399): CodeIgniter\CodeIgniter->runController()
#7 /var/www/html/kreplin/system/CodeIgniter.php(317): CodeIgniter\CodeIgniter->handleRequest()
#8 /var/www/html/kreplin/public/index.php(36): CodeIgniter\CodeIgniter->run()
#9 {main}
CRITICAL - 2023-02-22 11:24:05 --> Trying to access array offset on value of type null
#0 /var/www/html/kreplin/app/Views/website/hasil_akhir.php(63): CodeIgniter\Debug\Exceptions->errorHandler()
#1 /var/www/html/kreplin/system/View/View.php(214): include('/var/www/html/k...')
#2 /var/www/html/kreplin/system/View/View.php(217): CodeIgniter\View\View->CodeIgniter\View\{closure}()
#3 /var/www/html/kreplin/system/Common.php(1092): CodeIgniter\View\View->render()
#4 /var/www/html/kreplin/app/Controllers/Website.php(89): view()
#5 /var/www/html/kreplin/system/CodeIgniter.php(802): App\Controllers\Website->hasil_akhir()
#6 /var/www/html/kreplin/system/CodeIgniter.php(399): CodeIgniter\CodeIgniter->runController()
#7 /var/www/html/kreplin/system/CodeIgniter.php(317): CodeIgniter\CodeIgniter->handleRequest()
#8 /var/www/html/kreplin/public/index.php(36): CodeIgniter\CodeIgniter->run()
#9 {main}
ERROR - 2023-02-22 14:39:05 --> Table 'kreplin.grafik_dashboard' doesn't exist
CRITICAL - 2023-02-22 14:39:05 --> Table 'kreplin.grafik_dashboard' doesn't exist
#0 /var/www/html/kreplin/system/Database/MySQLi/Connection.php(280): mysqli->query()
#1 /var/www/html/kreplin/system/Database/BaseConnection.php(663): CodeIgniter\Database\MySQLi\Connection->execute()
#2 /var/www/html/kreplin/system/Database/BaseConnection.php(591): CodeIgniter\Database\BaseConnection->simpleQuery()
#3 /var/www/html/kreplin/system/Database/BaseBuilder.php(2107): CodeIgniter\Database\BaseConnection->query()
#4 /var/www/html/kreplin/app/Controllers/Dashboard.php(10): CodeIgniter\Database\BaseBuilder->truncate()
#5 /var/www/html/kreplin/system/CodeIgniter.php(802): App\Controllers\Dashboard->index()
#6 /var/www/html/kreplin/system/CodeIgniter.php(399): CodeIgniter\CodeIgniter->runController()
#7 /var/www/html/kreplin/system/CodeIgniter.php(317): CodeIgniter\CodeIgniter->handleRequest()
#8 /var/www/html/kreplin/public/index.php(36): CodeIgniter\CodeIgniter->run()
#9 {main}
CRITICAL - 2023-02-22 14:39:31 --> Undefined variable: data
#0 /var/www/html/kreplin/app/Controllers/Dashboard.php(11): CodeIgniter\Debug\Exceptions->errorHandler()
#1 /var/www/html/kreplin/system/CodeIgniter.php(802): App\Controllers\Dashboard->index()
#2 /var/www/html/kreplin/system/CodeIgniter.php(399): CodeIgniter\CodeIgniter->runController()
#3 /var/www/html/kreplin/system/CodeIgniter.php(317): CodeIgniter\CodeIgniter->handleRequest()
#4 /var/www/html/kreplin/public/index.php(36): CodeIgniter\CodeIgniter->run()
#5 {main}
CRITICAL - 2023-02-22 14:39:32 --> Undefined variable: data
#0 /var/www/html/kreplin/app/Controllers/Dashboard.php(11): CodeIgniter\Debug\Exceptions->errorHandler()
#1 /var/www/html/kreplin/system/CodeIgniter.php(802): App\Controllers\Dashboard->index()
#2 /var/www/html/kreplin/system/CodeIgniter.php(399): CodeIgniter\CodeIgniter->runController()
#3 /var/www/html/kreplin/system/CodeIgniter.php(317): CodeIgniter\CodeIgniter->handleRequest()
#4 /var/www/html/kreplin/public/index.php(36): CodeIgniter\CodeIgniter->run()
#5 {main}
ERROR - 2023-02-22 14:39:35 --> Table 'kreplin.user' doesn't exist
CRITICAL - 2023-02-22 14:39:35 --> Table 'kreplin.user' doesn't exist
#0 /var/www/html/kreplin/system/Database/MySQLi/Connection.php(280): mysqli->query()
#1 /var/www/html/kreplin/system/Database/BaseConnection.php(663): CodeIgniter\Database\MySQLi\Connection->execute()
#2 /var/www/html/kreplin/system/Database/BaseConnection.php(591): CodeIgniter\Database\BaseConnection->simpleQuery()
#3 /var/www/html/kreplin/system/Database/BaseBuilder.php(1428): CodeIgniter\Database\BaseConnection->query()
#4 /var/www/html/kreplin/app/Helpers/my_helper.php(240): CodeIgniter\Database\BaseBuilder->get()
#5 /var/www/html/kreplin/app/Views/dashboard/index.php(23): karyawan()
#6 /var/www/html/kreplin/system/View/View.php(214): include('/var/www/html/k...')
#7 /var/www/html/kreplin/system/View/View.php(217): CodeIgniter\View\View->CodeIgniter\View\{closure}()
#8 /var/www/html/kreplin/system/Common.php(1092): CodeIgniter\View\View->render()
#9 /var/www/html/kreplin/app/Controllers/Dashboard.php(11): view()
#10 /var/www/html/kreplin/system/CodeIgniter.php(802): App\Controllers\Dashboard->index()
#11 /var/www/html/kreplin/system/CodeIgniter.php(399): CodeIgniter\CodeIgniter->runController()
#12 /var/www/html/kreplin/system/CodeIgniter.php(317): CodeIgniter\CodeIgniter->handleRequest()
#13 /var/www/html/kreplin/public/index.php(36): CodeIgniter\CodeIgniter->run()
#14 {main}
ERROR - 2023-02-22 14:39:36 --> Table 'kreplin.user' doesn't exist
CRITICAL - 2023-02-22 14:39:36 --> Table 'kreplin.user' doesn't exist
#0 /var/www/html/kreplin/system/Database/MySQLi/Connection.php(280): mysqli->query()
#1 /var/www/html/kreplin/system/Database/BaseConnection.php(663): CodeIgniter\Database\MySQLi\Connection->execute()
#2 /var/www/html/kreplin/system/Database/BaseConnection.php(591): CodeIgniter\Database\BaseConnection->simpleQuery()
#3 /var/www/html/kreplin/system/Database/BaseBuilder.php(1428): CodeIgniter\Database\BaseConnection->query()
#4 /var/www/html/kreplin/app/Helpers/my_helper.php(240): CodeIgniter\Database\BaseBuilder->get()
#5 /var/www/html/kreplin/app/Views/dashboard/index.php(23): karyawan()
#6 /var/www/html/kreplin/system/View/View.php(214): include('/var/www/html/k...')
#7 /var/www/html/kreplin/system/View/View.php(217): CodeIgniter\View\View->CodeIgniter\View\{closure}()
#8 /var/www/html/kreplin/system/Common.php(1092): CodeIgniter\View\View->render()
#9 /var/www/html/kreplin/app/Controllers/Dashboard.php(11): view()
#10 /var/www/html/kreplin/system/CodeIgniter.php(802): App\Controllers\Dashboard->index()
#11 /var/www/html/kreplin/system/CodeIgniter.php(399): CodeIgniter\CodeIgniter->runController()
#12 /var/www/html/kreplin/system/CodeIgniter.php(317): CodeIgniter\CodeIgniter->handleRequest()
#13 /var/www/html/kreplin/public/index.php(36): CodeIgniter\CodeIgniter->run()
#14 {main}
ERROR - 2023-02-22 14:40:03 --> Table 'kreplin.user' doesn't exist
CRITICAL - 2023-02-22 14:40:03 --> Table 'kreplin.user' doesn't exist
#0 /var/www/html/kreplin/system/Database/MySQLi/Connection.php(280): mysqli->query()
#1 /var/www/html/kreplin/system/Database/BaseConnection.php(663): CodeIgniter\Database\MySQLi\Connection->execute()
#2 /var/www/html/kreplin/system/Database/BaseConnection.php(591): CodeIgniter\Database\BaseConnection->simpleQuery()
#3 /var/www/html/kreplin/system/Database/BaseBuilder.php(1428): CodeIgniter\Database\BaseConnection->query()
#4 /var/www/html/kreplin/app/Helpers/my_helper.php(240): CodeIgniter\Database\BaseBuilder->get()
#5 /var/www/html/kreplin/app/Views/dashboard/index.php(23): karyawan()
#6 /var/www/html/kreplin/system/View/View.php(214): include('/var/www/html/k...')
#7 /var/www/html/kreplin/system/View/View.php(217): CodeIgniter\View\View->CodeIgniter\View\{closure}()
#8 /var/www/html/kreplin/system/Common.php(1092): CodeIgniter\View\View->render()
#9 /var/www/html/kreplin/app/Controllers/Dashboard.php(11): view()
#10 /var/www/html/kreplin/system/CodeIgniter.php(802): App\Controllers\Dashboard->index()
#11 /var/www/html/kreplin/system/CodeIgniter.php(399): CodeIgniter\CodeIgniter->runController()
#12 /var/www/html/kreplin/system/CodeIgniter.php(317): CodeIgniter\CodeIgniter->handleRequest()
#13 /var/www/html/kreplin/public/index.php(36): CodeIgniter\CodeIgniter->run()
#14 {main}
ERROR - 2023-02-22 14:40:04 --> Table 'kreplin.user' doesn't exist
CRITICAL - 2023-02-22 14:40:04 --> Table 'kreplin.user' doesn't exist
#0 /var/www/html/kreplin/system/Database/MySQLi/Connection.php(280): mysqli->query()
#1 /var/www/html/kreplin/system/Database/BaseConnection.php(663): CodeIgniter\Database\MySQLi\Connection->execute()
#2 /var/www/html/kreplin/system/Database/BaseConnection.php(591): CodeIgniter\Database\BaseConnection->simpleQuery()
#3 /var/www/html/kreplin/system/Database/BaseBuilder.php(1428): CodeIgniter\Database\BaseConnection->query()
#4 /var/www/html/kreplin/app/Helpers/my_helper.php(240): CodeIgniter\Database\BaseBuilder->get()
#5 /var/www/html/kreplin/app/Views/dashboard/index.php(23): karyawan()
#6 /var/www/html/kreplin/system/View/View.php(214): include('/var/www/html/k...')
#7 /var/www/html/kreplin/system/View/View.php(217): CodeIgniter\View\View->CodeIgniter\View\{closure}()
#8 /var/www/html/kreplin/system/Common.php(1092): CodeIgniter\View\View->render()
#9 /var/www/html/kreplin/app/Controllers/Dashboard.php(11): view()
#10 /var/www/html/kreplin/system/CodeIgniter.php(802): App\Controllers\Dashboard->index()
#11 /var/www/html/kreplin/system/CodeIgniter.php(399): CodeIgniter\CodeIgniter->runController()
#12 /var/www/html/kreplin/system/CodeIgniter.php(317): CodeIgniter\CodeIgniter->handleRequest()
#13 /var/www/html/kreplin/public/index.php(36): CodeIgniter\CodeIgniter->run()
#14 {main}
ERROR - 2023-02-22 14:40:05 --> Table 'kreplin.user' doesn't exist
CRITICAL - 2023-02-22 14:40:05 --> Table 'kreplin.user' doesn't exist
#0 /var/www/html/kreplin/system/Database/MySQLi/Connection.php(280): mysqli->query()
#1 /var/www/html/kreplin/system/Database/BaseConnection.php(663): CodeIgniter\Database\MySQLi\Connection->execute()
#2 /var/www/html/kreplin/system/Database/BaseConnection.php(591): CodeIgniter\Database\BaseConnection->simpleQuery()
#3 /var/www/html/kreplin/system/Database/BaseBuilder.php(1428): CodeIgniter\Database\BaseConnection->query()
#4 /var/www/html/kreplin/app/Helpers/my_helper.php(240): CodeIgniter\Database\BaseBuilder->get()
#5 /var/www/html/kreplin/app/Views/dashboard/index.php(23): karyawan()
#6 /var/www/html/kreplin/system/View/View.php(214): include('/var/www/html/k...')
#7 /var/www/html/kreplin/system/View/View.php(217): CodeIgniter\View\View->CodeIgniter\View\{closure}()
#8 /var/www/html/kreplin/system/Common.php(1092): CodeIgniter\View\View->render()
#9 /var/www/html/kreplin/app/Controllers/Dashboard.php(11): view()
#10 /var/www/html/kreplin/system/CodeIgniter.php(802): App\Controllers\Dashboard->index()
#11 /var/www/html/kreplin/system/CodeIgniter.php(399): CodeIgniter\CodeIgniter->runController()
#12 /var/www/html/kreplin/system/CodeIgniter.php(317): CodeIgniter\CodeIgniter->handleRequest()
#13 /var/www/html/kreplin/public/index.php(36): CodeIgniter\CodeIgniter->run()
#14 {main}
ERROR - 2023-02-22 14:41:05 --> Table 'kreplin.umum_blibli' doesn't exist
CRITICAL - 2023-02-22 14:41:05 --> Table 'kreplin.umum_blibli' doesn't exist
#0 /var/www/html/kreplin/system/Database/MySQLi/Connection.php(280): mysqli->query()
#1 /var/www/html/kreplin/system/Database/BaseConnection.php(663): CodeIgniter\Database\MySQLi\Connection->execute()
#2 /var/www/html/kreplin/system/Database/BaseConnection.php(591): CodeIgniter\Database\BaseConnection->simpleQuery()
#3 /var/www/html/kreplin/system/Database/BaseBuilder.php(1428): CodeIgniter\Database\BaseConnection->query()
#4 /var/www/html/kreplin/app/Helpers/my_helper.php(227): CodeIgniter\Database\BaseBuilder->get()
#5 /var/www/html/kreplin/app/Views/dashboard/index.php(62): keuntungan()
#6 /var/www/html/kreplin/system/View/View.php(214): include('/var/www/html/k...')
#7 /var/www/html/kreplin/system/View/View.php(217): CodeIgniter\View\View->CodeIgniter\View\{closure}()
#8 /var/www/html/kreplin/system/Common.php(1092): CodeIgniter\View\View->render()
#9 /var/www/html/kreplin/app/Controllers/Dashboard.php(11): view()
#10 /var/www/html/kreplin/system/CodeIgniter.php(802): App\Controllers\Dashboard->index()
#11 /var/www/html/kreplin/system/CodeIgniter.php(399): CodeIgniter\CodeIgniter->runController()
#12 /var/www/html/kreplin/system/CodeIgniter.php(317): CodeIgniter\CodeIgniter->handleRequest()
#13 /var/www/html/kreplin/public/index.php(36): CodeIgniter\CodeIgniter->run()
#14 {main}
ERROR - 2023-02-22 14:41:06 --> Table 'kreplin.umum_blibli' doesn't exist
CRITICAL - 2023-02-22 14:41:06 --> Table 'kreplin.umum_blibli' doesn't exist
#0 /var/www/html/kreplin/system/Database/MySQLi/Connection.php(280): mysqli->query()
#1 /var/www/html/kreplin/system/Database/BaseConnection.php(663): CodeIgniter\Database\MySQLi\Connection->execute()
#2 /var/www/html/kreplin/system/Database/BaseConnection.php(591): CodeIgniter\Database\BaseConnection->simpleQuery()
#3 /var/www/html/kreplin/system/Database/BaseBuilder.php(1428): CodeIgniter\Database\BaseConnection->query()
#4 /var/www/html/kreplin/app/Helpers/my_helper.php(227): CodeIgniter\Database\BaseBuilder->get()
#5 /var/www/html/kreplin/app/Views/dashboard/index.php(62): keuntungan()
#6 /var/www/html/kreplin/system/View/View.php(214): include('/var/www/html/k...')
#7 /var/www/html/kreplin/system/View/View.php(217): CodeIgniter\View\View->CodeIgniter\View\{closure}()
#8 /var/www/html/kreplin/system/Common.php(1092): CodeIgniter\View\View->render()
#9 /var/www/html/kreplin/app/Controllers/Dashboard.php(11): view()
#10 /var/www/html/kreplin/system/CodeIgniter.php(802): App\Controllers\Dashboard->index()
#11 /var/www/html/kreplin/system/CodeIgniter.php(399): CodeIgniter\CodeIgniter->runController()
#12 /var/www/html/kreplin/system/CodeIgniter.php(317): CodeIgniter\CodeIgniter->handleRequest()
#13 /var/www/html/kreplin/public/index.php(36): CodeIgniter\CodeIgniter->run()
#14 {main}
CRITICAL - 2023-02-22 14:41:18 --> Call to undefined function peserta()
#0 /var/www/html/kreplin/system/View/View.php(214): include()
#1 /var/www/html/kreplin/system/View/View.php(217): CodeIgniter\View\View->CodeIgniter\View\{closure}()
#2 /var/www/html/kreplin/system/Common.php(1092): CodeIgniter\View\View->render()
#3 /var/www/html/kreplin/app/Controllers/Dashboard.php(11): view()
#4 /var/www/html/kreplin/system/CodeIgniter.php(802): App\Controllers\Dashboard->index()
#5 /var/www/html/kreplin/system/CodeIgniter.php(399): CodeIgniter\CodeIgniter->runController()
#6 /var/www/html/kreplin/system/CodeIgniter.php(317): CodeIgniter\CodeIgniter->handleRequest()
#7 /var/www/html/kreplin/public/index.php(36): CodeIgniter\CodeIgniter->run()
#8 {main}
CRITICAL - 2023-02-22 14:41:19 --> Call to undefined function keuntungan()
#0 /var/www/html/kreplin/system/View/View.php(214): include()
#1 /var/www/html/kreplin/system/View/View.php(217): CodeIgniter\View\View->CodeIgniter\View\{closure}()
#2 /var/www/html/kreplin/system/Common.php(1092): CodeIgniter\View\View->render()
#3 /var/www/html/kreplin/app/Controllers/Dashboard.php(11): view()
#4 /var/www/html/kreplin/system/CodeIgniter.php(802): App\Controllers\Dashboard->index()
#5 /var/www/html/kreplin/system/CodeIgniter.php(399): CodeIgniter\CodeIgniter->runController()
#6 /var/www/html/kreplin/system/CodeIgniter.php(317): CodeIgniter\CodeIgniter->handleRequest()
#7 /var/www/html/kreplin/public/index.php(36): CodeIgniter\CodeIgniter->run()
#8 {main}
CRITICAL - 2023-02-22 14:41:20 --> Call to undefined function keuntungan()
#0 /var/www/html/kreplin/system/View/View.php(214): include()
#1 /var/www/html/kreplin/system/View/View.php(217): CodeIgniter\View\View->CodeIgniter\View\{closure}()
#2 /var/www/html/kreplin/system/Common.php(1092): CodeIgniter\View\View->render()
#3 /var/www/html/kreplin/app/Controllers/Dashboard.php(11): view()
#4 /var/www/html/kreplin/system/CodeIgniter.php(802): App\Controllers\Dashboard->index()
#5 /var/www/html/kreplin/system/CodeIgniter.php(399): CodeIgniter\CodeIgniter->runController()
#6 /var/www/html/kreplin/system/CodeIgniter.php(317): CodeIgniter\CodeIgniter->handleRequest()
#7 /var/www/html/kreplin/public/index.php(36): CodeIgniter\CodeIgniter->run()
#8 {main}
CRITICAL - 2023-02-22 14:41:33 --> Call to undefined function keuntungan()
#0 /var/www/html/kreplin/system/View/View.php(214): include()
#1 /var/www/html/kreplin/system/View/View.php(217): CodeIgniter\View\View->CodeIgniter\View\{closure}()
#2 /var/www/html/kreplin/system/Common.php(1092): CodeIgniter\View\View->render()
#3 /var/www/html/kreplin/app/Controllers/Dashboard.php(11): view()
#4 /var/www/html/kreplin/system/CodeIgniter.php(802): App\Controllers\Dashboard->index()
#5 /var/www/html/kreplin/system/CodeIgniter.php(399): CodeIgniter\CodeIgniter->runController()
#6 /var/www/html/kreplin/system/CodeIgniter.php(317): CodeIgniter\CodeIgniter->handleRequest()
#7 /var/www/html/kreplin/public/index.php(36): CodeIgniter\CodeIgniter->run()
#8 {main}
CRITICAL - 2023-02-22 14:41:34 --> Call to undefined function keuntungan()
#0 /var/www/html/kreplin/system/View/View.php(214): include()
#1 /var/www/html/kreplin/system/View/View.php(217): CodeIgniter\View\View->CodeIgniter\View\{closure}()
#2 /var/www/html/kreplin/system/Common.php(1092): CodeIgniter\View\View->render()
#3 /var/www/html/kreplin/app/Controllers/Dashboard.php(11): view()
#4 /var/www/html/kreplin/system/CodeIgniter.php(802): App\Controllers\Dashboard->index()
#5 /var/www/html/kreplin/system/CodeIgniter.php(399): CodeIgniter\CodeIgniter->runController()
#6 /var/www/html/kreplin/system/CodeIgniter.php(317): CodeIgniter\CodeIgniter->handleRequest()
#7 /var/www/html/kreplin/public/index.php(36): CodeIgniter\CodeIgniter->run()
#8 {main}
CRITICAL - 2023-02-22 14:41:35 --> Call to undefined function keuntungan()
#0 /var/www/html/kreplin/system/View/View.php(214): include()
#1 /var/www/html/kreplin/system/View/View.php(217): CodeIgniter\View\View->CodeIgniter\View\{closure}()
#2 /var/www/html/kreplin/system/Common.php(1092): CodeIgniter\View\View->render()
#3 /var/www/html/kreplin/app/Controllers/Dashboard.php(11): view()
#4 /var/www/html/kreplin/system/CodeIgniter.php(802): App\Controllers\Dashboard->index()
#5 /var/www/html/kreplin/system/CodeIgniter.php(399): CodeIgniter\CodeIgniter->runController()
#6 /var/www/html/kreplin/system/CodeIgniter.php(317): CodeIgniter\CodeIgniter->handleRequest()
#7 /var/www/html/kreplin/public/index.php(36): CodeIgniter\CodeIgniter->run()
#8 {main}
CRITICAL - 2023-02-22 15:21:05 --> Undefined variable: peserta
#0 /var/www/html/kreplin/app/Views/base/hasil_tes.php(39): CodeIgniter\Debug\Exceptions->errorHandler()
#1 /var/www/html/kreplin/system/View/View.php(214): include('/var/www/html/k...')
#2 /var/www/html/kreplin/system/View/View.php(217): CodeIgniter\View\View->CodeIgniter\View\{closure}()
#3 /var/www/html/kreplin/system/Common.php(1092): CodeIgniter\View\View->render()
#4 /var/www/html/kreplin/app/Controllers/Base.php(22): view()
#5 /var/www/html/kreplin/system/CodeIgniter.php(802): App\Controllers\Base->hasil_tes()
#6 /var/www/html/kreplin/system/CodeIgniter.php(399): CodeIgniter\CodeIgniter->runController()
#7 /var/www/html/kreplin/system/CodeIgniter.php(317): CodeIgniter\CodeIgniter->handleRequest()
#8 /var/www/html/kreplin/public/index.php(36): CodeIgniter\CodeIgniter->run()
#9 {main}
CRITICAL - 2023-02-22 15:21:24 --> Undefined index: nama
#0 /var/www/html/kreplin/app/Views/base/hasil_tes.php(42): CodeIgniter\Debug\Exceptions->errorHandler()
#1 /var/www/html/kreplin/system/View/View.php(214): include('/var/www/html/k...')
#2 /var/www/html/kreplin/system/View/View.php(217): CodeIgniter\View\View->CodeIgniter\View\{closure}()
#3 /var/www/html/kreplin/system/Common.php(1092): CodeIgniter\View\View->render()
#4 /var/www/html/kreplin/app/Controllers/Base.php(22): view()
#5 /var/www/html/kreplin/system/CodeIgniter.php(802): App\Controllers\Base->hasil_tes()
#6 /var/www/html/kreplin/system/CodeIgniter.php(399): CodeIgniter\CodeIgniter->runController()
#7 /var/www/html/kreplin/system/CodeIgniter.php(317): CodeIgniter\CodeIgniter->handleRequest()
#8 /var/www/html/kreplin/public/index.php(36): CodeIgniter\CodeIgniter->run()
#9 {main}
CRITICAL - 2023-02-22 20:06:13 --> Trying to access array offset on value of type null
#0 /var/www/html/kreplin/app/Controllers/Website.php(70): CodeIgniter\Debug\Exceptions->errorHandler()
#1 /var/www/html/kreplin/system/CodeIgniter.php(802): App\Controllers\Website->jawab()
#2 /var/www/html/kreplin/system/CodeIgniter.php(399): CodeIgniter\CodeIgniter->runController()
#3 /var/www/html/kreplin/system/CodeIgniter.php(317): CodeIgniter\CodeIgniter->handleRequest()
#4 /var/www/html/kreplin/public/index.php(36): CodeIgniter\CodeIgniter->run()
#5 {main}
CRITICAL - 2023-02-22 21:04:50 --> Undefined variable: mulai
#0 /var/www/html/kreplin/app/Controllers/Website.php(25): CodeIgniter\Debug\Exceptions->errorHandler()
#1 /var/www/html/kreplin/system/CodeIgniter.php(802): App\Controllers\Website->mulai()
#2 /var/www/html/kreplin/system/CodeIgniter.php(399): CodeIgniter\CodeIgniter->runController()
#3 /var/www/html/kreplin/system/CodeIgniter.php(317): CodeIgniter\CodeIgniter->handleRequest()
#4 /var/www/html/kreplin/public/index.php(36): CodeIgniter\CodeIgniter->run()
#5 {main}
CRITICAL - 2023-02-22 21:05:06 --> Undefined variable: mulai
#0 /var/www/html/kreplin/app/Controllers/Website.php(25): CodeIgniter\Debug\Exceptions->errorHandler()
#1 /var/www/html/kreplin/system/CodeIgniter.php(802): App\Controllers\Website->mulai()
#2 /var/www/html/kreplin/system/CodeIgniter.php(399): CodeIgniter\CodeIgniter->runController()
#3 /var/www/html/kreplin/system/CodeIgniter.php(317): CodeIgniter\CodeIgniter->handleRequest()
#4 /var/www/html/kreplin/public/index.php(36): CodeIgniter\CodeIgniter->run()
#5 {main}
CRITICAL - 2023-02-22 21:05:14 --> Undefined variable: mulai
#0 /var/www/html/kreplin/app/Controllers/Website.php(25): CodeIgniter\Debug\Exceptions->errorHandler()
#1 /var/www/html/kreplin/system/CodeIgniter.php(802): App\Controllers\Website->mulai()
#2 /var/www/html/kreplin/system/CodeIgniter.php(399): CodeIgniter\CodeIgniter->runController()
#3 /var/www/html/kreplin/system/CodeIgniter.php(317): CodeIgniter\CodeIgniter->handleRequest()
#4 /var/www/html/kreplin/public/index.php(36): CodeIgniter\CodeIgniter->run()
#5 {main}
