CRITICAL - 2023-02-07 09:57:54 --> Undefined variable: periode
#0 /var/www/html/umkmku/app/Views/laporan/grafik.php(113): CodeIgniter\Debug\Exceptions->errorHandler()
#1 /var/www/html/umkmku/system/View/View.php(214): include('/var/www/html/u...')
#2 /var/www/html/umkmku/system/View/View.php(217): CodeIgniter\View\View->CodeIgniter\View\{closure}()
#3 /var/www/html/umkmku/system/Common.php(1092): CodeIgniter\View\View->render()
#4 /var/www/html/umkmku/app/Controllers/Laporan.php(53): view()
#5 /var/www/html/umkmku/system/CodeIgniter.php(802): App\Controllers\Laporan->index()
#6 /var/www/html/umkmku/system/CodeIgniter.php(399): CodeIgniter\CodeIgniter->runController()
#7 /var/www/html/umkmku/system/CodeIgniter.php(317): CodeIgniter\CodeIgniter->handleRequest()
#8 /var/www/html/umkmku/public/index.php(36): CodeIgniter\CodeIgniter->run()
#9 {main}
CRITICAL - 2023-02-07 10:00:24 --> Undefined variable: periode
#0 /var/www/html/umkmku/app/Views/laporan/grafik.php(113): CodeIgniter\Debug\Exceptions->errorHandler()
#1 /var/www/html/umkmku/system/View/View.php(214): include('/var/www/html/u...')
#2 /var/www/html/umkmku/system/View/View.php(217): CodeIgniter\View\View->CodeIgniter\View\{closure}()
#3 /var/www/html/umkmku/system/Common.php(1092): CodeIgniter\View\View->render()
#4 /var/www/html/umkmku/app/Controllers/Laporan.php(49): view()
#5 /var/www/html/umkmku/system/CodeIgniter.php(802): App\Controllers\Laporan->index()
#6 /var/www/html/umkmku/system/CodeIgniter.php(399): CodeIgniter\CodeIgniter->runController()
#7 /var/www/html/umkmku/system/CodeIgniter.php(317): CodeIgniter\CodeIgniter->handleRequest()
#8 /var/www/html/umkmku/public/index.php(36): CodeIgniter\CodeIgniter->run()
#9 {main}
CRITICAL - 2023-02-07 10:00:31 --> Undefined variable: periode
#0 /var/www/html/umkmku/app/Views/laporan/grafik.php(113): CodeIgniter\Debug\Exceptions->errorHandler()
#1 /var/www/html/umkmku/system/View/View.php(214): include('/var/www/html/u...')
#2 /var/www/html/umkmku/system/View/View.php(217): CodeIgniter\View\View->CodeIgniter\View\{closure}()
#3 /var/www/html/umkmku/system/Common.php(1092): CodeIgniter\View\View->render()
#4 /var/www/html/umkmku/app/Controllers/Laporan.php(49): view()
#5 /var/www/html/umkmku/system/CodeIgniter.php(802): App\Controllers\Laporan->index()
#6 /var/www/html/umkmku/system/CodeIgniter.php(399): CodeIgniter\CodeIgniter->runController()
#7 /var/www/html/umkmku/system/CodeIgniter.php(317): CodeIgniter\CodeIgniter->handleRequest()
#8 /var/www/html/umkmku/public/index.php(36): CodeIgniter\CodeIgniter->run()
#9 {main}
CRITICAL - 2023-02-07 10:11:26 --> Undefined variable: periode
#0 /var/www/html/umkmku/app/Views/dashboard/index.php(116): CodeIgniter\Debug\Exceptions->errorHandler()
#1 /var/www/html/umkmku/system/View/View.php(214): include('/var/www/html/u...')
#2 /var/www/html/umkmku/system/View/View.php(217): CodeIgniter\View\View->CodeIgniter\View\{closure}()
#3 /var/www/html/umkmku/system/Common.php(1092): CodeIgniter\View\View->render()
#4 /var/www/html/umkmku/app/Controllers/Dashboard.php(46): view()
#5 /var/www/html/umkmku/system/CodeIgniter.php(802): App\Controllers\Dashboard->index()
#6 /var/www/html/umkmku/system/CodeIgniter.php(399): CodeIgniter\CodeIgniter->runController()
#7 /var/www/html/umkmku/system/CodeIgniter.php(317): CodeIgniter\CodeIgniter->handleRequest()
#8 /var/www/html/umkmku/public/index.php(36): CodeIgniter\CodeIgniter->run()
#9 {main}
CRITICAL - 2023-02-07 10:11:27 --> Undefined variable: periode
#0 /var/www/html/umkmku/app/Views/dashboard/index.php(116): CodeIgniter\Debug\Exceptions->errorHandler()
#1 /var/www/html/umkmku/system/View/View.php(214): include('/var/www/html/u...')
#2 /var/www/html/umkmku/system/View/View.php(217): CodeIgniter\View\View->CodeIgniter\View\{closure}()
#3 /var/www/html/umkmku/system/Common.php(1092): CodeIgniter\View\View->render()
#4 /var/www/html/umkmku/app/Controllers/Dashboard.php(46): view()
#5 /var/www/html/umkmku/system/CodeIgniter.php(802): App\Controllers\Dashboard->index()
#6 /var/www/html/umkmku/system/CodeIgniter.php(399): CodeIgniter\CodeIgniter->runController()
#7 /var/www/html/umkmku/system/CodeIgniter.php(317): CodeIgniter\CodeIgniter->handleRequest()
#8 /var/www/html/umkmku/public/index.php(36): CodeIgniter\CodeIgniter->run()
#9 {main}
CRITICAL - 2023-02-07 10:13:24 --> Undefined variable: periode
#0 /var/www/html/umkmku/app/Views/dashboard/index.php(116): CodeIgniter\Debug\Exceptions->errorHandler()
#1 /var/www/html/umkmku/system/View/View.php(214): include('/var/www/html/u...')
#2 /var/www/html/umkmku/system/View/View.php(217): CodeIgniter\View\View->CodeIgniter\View\{closure}()
#3 /var/www/html/umkmku/system/Common.php(1092): CodeIgniter\View\View->render()
#4 /var/www/html/umkmku/app/Controllers/Dashboard.php(46): view()
#5 /var/www/html/umkmku/system/CodeIgniter.php(802): App\Controllers\Dashboard->index()
#6 /var/www/html/umkmku/system/CodeIgniter.php(399): CodeIgniter\CodeIgniter->runController()
#7 /var/www/html/umkmku/system/CodeIgniter.php(317): CodeIgniter\CodeIgniter->handleRequest()
#8 /var/www/html/umkmku/public/index.php(36): CodeIgniter\CodeIgniter->run()
#9 {main}
CRITICAL - 2023-02-07 10:13:25 --> Undefined variable: periode
#0 /var/www/html/umkmku/app/Views/dashboard/index.php(116): CodeIgniter\Debug\Exceptions->errorHandler()
#1 /var/www/html/umkmku/system/View/View.php(214): include('/var/www/html/u...')
#2 /var/www/html/umkmku/system/View/View.php(217): CodeIgniter\View\View->CodeIgniter\View\{closure}()
#3 /var/www/html/umkmku/system/Common.php(1092): CodeIgniter\View\View->render()
#4 /var/www/html/umkmku/app/Controllers/Dashboard.php(46): view()
#5 /var/www/html/umkmku/system/CodeIgniter.php(802): App\Controllers\Dashboard->index()
#6 /var/www/html/umkmku/system/CodeIgniter.php(399): CodeIgniter\CodeIgniter->runController()
#7 /var/www/html/umkmku/system/CodeIgniter.php(317): CodeIgniter\CodeIgniter->handleRequest()
#8 /var/www/html/umkmku/public/index.php(36): CodeIgniter\CodeIgniter->run()
#9 {main}
CRITICAL - 2023-02-07 10:36:25 --> syntax error, unexpected '}'
#0 /var/www/html/umkmku/system/Router/Router.php(160): CodeIgniter\Router\Router->autoRoute()
#1 /var/www/html/umkmku/system/CodeIgniter.php(702): CodeIgniter\Router\Router->handle()
#2 /var/www/html/umkmku/system/CodeIgniter.php(358): CodeIgniter\CodeIgniter->tryToRouteIt()
#3 /var/www/html/umkmku/system/CodeIgniter.php(317): CodeIgniter\CodeIgniter->handleRequest()
#4 /var/www/html/umkmku/public/index.php(36): CodeIgniter\CodeIgniter->run()
#5 {main}
CRITICAL - 2023-02-07 10:40:36 --> substr() expects parameter 1 to be string, array given
#0 [internal function]: CodeIgniter\Debug\Exceptions->errorHandler()
#1 /var/www/html/umkmku/app/Helpers/my_helper.php(218): substr()
#2 /var/www/html/umkmku/app/Views/dashboard/index.php(106): label_grafik()
#3 /var/www/html/umkmku/system/View/View.php(214): include('/var/www/html/u...')
#4 /var/www/html/umkmku/system/View/View.php(217): CodeIgniter\View\View->CodeIgniter\View\{closure}()
#5 /var/www/html/umkmku/system/Common.php(1092): CodeIgniter\View\View->render()
#6 /var/www/html/umkmku/app/Controllers/Dashboard.php(55): view()
#7 /var/www/html/umkmku/system/CodeIgniter.php(802): App\Controllers\Dashboard->index()
#8 /var/www/html/umkmku/system/CodeIgniter.php(399): CodeIgniter\CodeIgniter->runController()
#9 /var/www/html/umkmku/system/CodeIgniter.php(317): CodeIgniter\CodeIgniter->handleRequest()
#10 /var/www/html/umkmku/public/index.php(36): CodeIgniter\CodeIgniter->run()
#11 {main}
CRITICAL - 2023-02-07 10:41:16 --> substr() expects parameter 1 to be string, array given
#0 [internal function]: CodeIgniter\Debug\Exceptions->errorHandler()
#1 /var/www/html/umkmku/app/Helpers/my_helper.php(218): substr()
#2 /var/www/html/umkmku/app/Views/dashboard/index.php(106): label_grafik()
#3 /var/www/html/umkmku/system/View/View.php(214): include('/var/www/html/u...')
#4 /var/www/html/umkmku/system/View/View.php(217): CodeIgniter\View\View->CodeIgniter\View\{closure}()
#5 /var/www/html/umkmku/system/Common.php(1092): CodeIgniter\View\View->render()
#6 /var/www/html/umkmku/app/Controllers/Dashboard.php(55): view()
#7 /var/www/html/umkmku/system/CodeIgniter.php(802): App\Controllers\Dashboard->index()
#8 /var/www/html/umkmku/system/CodeIgniter.php(399): CodeIgniter\CodeIgniter->runController()
#9 /var/www/html/umkmku/system/CodeIgniter.php(317): CodeIgniter\CodeIgniter->handleRequest()
#10 /var/www/html/umkmku/public/index.php(36): CodeIgniter\CodeIgniter->run()
#11 {main}
CRITICAL - 2023-02-07 10:41:17 --> substr() expects parameter 1 to be string, array given
#0 [internal function]: CodeIgniter\Debug\Exceptions->errorHandler()
#1 /var/www/html/umkmku/app/Helpers/my_helper.php(218): substr()
#2 /var/www/html/umkmku/app/Views/dashboard/index.php(106): label_grafik()
#3 /var/www/html/umkmku/system/View/View.php(214): include('/var/www/html/u...')
#4 /var/www/html/umkmku/system/View/View.php(217): CodeIgniter\View\View->CodeIgniter\View\{closure}()
#5 /var/www/html/umkmku/system/Common.php(1092): CodeIgniter\View\View->render()
#6 /var/www/html/umkmku/app/Controllers/Dashboard.php(55): view()
#7 /var/www/html/umkmku/system/CodeIgniter.php(802): App\Controllers\Dashboard->index()
#8 /var/www/html/umkmku/system/CodeIgniter.php(399): CodeIgniter\CodeIgniter->runController()
#9 /var/www/html/umkmku/system/CodeIgniter.php(317): CodeIgniter\CodeIgniter->handleRequest()
#10 /var/www/html/umkmku/public/index.php(36): CodeIgniter\CodeIgniter->run()
#11 {main}
CRITICAL - 2023-02-07 10:41:35 --> Undefined variable: bulan
#0 /var/www/html/umkmku/app/Controllers/Dashboard.php(53): CodeIgniter\Debug\Exceptions->errorHandler()
#1 /var/www/html/umkmku/system/CodeIgniter.php(802): App\Controllers\Dashboard->index()
#2 /var/www/html/umkmku/system/CodeIgniter.php(399): CodeIgniter\CodeIgniter->runController()
#3 /var/www/html/umkmku/system/CodeIgniter.php(317): CodeIgniter\CodeIgniter->handleRequest()
#4 /var/www/html/umkmku/public/index.php(36): CodeIgniter\CodeIgniter->run()
#5 {main}
CRITICAL - 2023-02-07 10:53:14 --> Undefined index: bulan
#0 /var/www/html/umkmku/app/Views/dashboard/index.php(106): CodeIgniter\Debug\Exceptions->errorHandler()
#1 /var/www/html/umkmku/system/View/View.php(214): include('/var/www/html/u...')
#2 /var/www/html/umkmku/system/View/View.php(217): CodeIgniter\View\View->CodeIgniter\View\{closure}()
#3 /var/www/html/umkmku/system/Common.php(1092): CodeIgniter\View\View->render()
#4 /var/www/html/umkmku/app/Controllers/Dashboard.php(55): view()
#5 /var/www/html/umkmku/system/CodeIgniter.php(802): App\Controllers\Dashboard->index()
#6 /var/www/html/umkmku/system/CodeIgniter.php(399): CodeIgniter\CodeIgniter->runController()
#7 /var/www/html/umkmku/system/CodeIgniter.php(317): CodeIgniter\CodeIgniter->handleRequest()
#8 /var/www/html/umkmku/public/index.php(36): CodeIgniter\CodeIgniter->run()
#9 {main}
