CRITICAL - 2023-02-26 04:20:49 --> Array to string conversion
#0 /var/www/html/kreplin/app/Views/website/tes.php(41): CodeIgniter\Debug\Exceptions->errorHandler()
#1 /var/www/html/kreplin/system/View/View.php(214): include('/var/www/html/k...')
#2 /var/www/html/kreplin/system/View/View.php(217): CodeIgniter\View\View->CodeIgniter\View\{closure}()
#3 /var/www/html/kreplin/system/Common.php(1092): CodeIgniter\View\View->render()
#4 /var/www/html/kreplin/app/Controllers/Website.php(71): view()
#5 /var/www/html/kreplin/system/CodeIgniter.php(802): App\Controllers\Website->tes()
#6 /var/www/html/kreplin/system/CodeIgniter.php(399): CodeIgniter\CodeIgniter->runController()
#7 /var/www/html/kreplin/system/CodeIgniter.php(317): CodeIgniter\CodeIgniter->handleRequest()
#8 /var/www/html/kreplin/public/index.php(36): CodeIgniter\CodeIgniter->run()
#9 {main}
CRITICAL - 2023-02-26 04:20:57 --> Array to string conversion
#0 /var/www/html/kreplin/app/Views/website/tes.php(41): CodeIgniter\Debug\Exceptions->errorHandler()
#1 /var/www/html/kreplin/system/View/View.php(214): include('/var/www/html/k...')
#2 /var/www/html/kreplin/system/View/View.php(217): CodeIgniter\View\View->CodeIgniter\View\{closure}()
#3 /var/www/html/kreplin/system/Common.php(1092): CodeIgniter\View\View->render()
#4 /var/www/html/kreplin/app/Controllers/Website.php(71): view()
#5 /var/www/html/kreplin/system/CodeIgniter.php(802): App\Controllers\Website->tes()
#6 /var/www/html/kreplin/system/CodeIgniter.php(399): CodeIgniter\CodeIgniter->runController()
#7 /var/www/html/kreplin/system/CodeIgniter.php(317): CodeIgniter\CodeIgniter->handleRequest()
#8 /var/www/html/kreplin/public/index.php(36): CodeIgniter\CodeIgniter->run()
#9 {main}
