ERROR - 2023-01-27 14:51:12 --> Table 'umkmku.umum_blibli' doesn't exist
CRITICAL - 2023-01-27 14:51:12 --> Table 'umkmku.umum_blibli' doesn't exist
#0 /var/www/html/umkmku/system/Database/MySQLi/Connection.php(280): mysqli->query()
#1 /var/www/html/umkmku/system/Database/BaseConnection.php(663): CodeIgniter\Database\MySQLi\Connection->execute()
#2 /var/www/html/umkmku/system/Database/BaseConnection.php(591): CodeIgniter\Database\BaseConnection->simpleQuery()
#3 /var/www/html/umkmku/system/Database/BaseBuilder.php(1428): CodeIgniter\Database\BaseConnection->query()
#4 /var/www/html/umkmku/app/Controllers/Blibli.php(14): CodeIgniter\Database\BaseBuilder->get()
#5 /var/www/html/umkmku/system/CodeIgniter.php(802): App\Controllers\Blibli->index()
#6 /var/www/html/umkmku/system/CodeIgniter.php(399): CodeIgniter\CodeIgniter->runController()
#7 /var/www/html/umkmku/system/CodeIgniter.php(317): CodeIgniter\CodeIgniter->handleRequest()
#8 /var/www/html/umkmku/public/index.php(36): CodeIgniter\CodeIgniter->run()
#9 {main}
CRITICAL - 2023-01-27 15:18:42 --> Undefined index: nama
#0 /var/www/html/umkmku/app/Views/blibli/index.php(80): CodeIgniter\Debug\Exceptions->errorHandler()
#1 /var/www/html/umkmku/system/View/View.php(214): include('/var/www/html/u...')
#2 /var/www/html/umkmku/system/View/View.php(217): CodeIgniter\View\View->CodeIgniter\View\{closure}()
#3 /var/www/html/umkmku/system/Common.php(1092): CodeIgniter\View\View->render()
#4 /var/www/html/umkmku/app/Controllers/Blibli.php(15): view()
#5 /var/www/html/umkmku/system/CodeIgniter.php(802): App\Controllers\Blibli->index()
#6 /var/www/html/umkmku/system/CodeIgniter.php(399): CodeIgniter\CodeIgniter->runController()
#7 /var/www/html/umkmku/system/CodeIgniter.php(317): CodeIgniter\CodeIgniter->handleRequest()
#8 /var/www/html/umkmku/public/index.php(36): CodeIgniter\CodeIgniter->run()
#9 {main}
CRITICAL - 2023-01-27 19:31:59 --> Undefined index: nama
#0 /var/www/html/umkmku/app/Views/blibli/index.php(80): CodeIgniter\Debug\Exceptions->errorHandler()
#1 /var/www/html/umkmku/system/View/View.php(214): include('/var/www/html/u...')
#2 /var/www/html/umkmku/system/View/View.php(217): CodeIgniter\View\View->CodeIgniter\View\{closure}()
#3 /var/www/html/umkmku/system/Common.php(1092): CodeIgniter\View\View->render()
#4 /var/www/html/umkmku/app/Controllers/Blibli.php(15): view()
#5 /var/www/html/umkmku/system/CodeIgniter.php(802): App\Controllers\Blibli->index()
#6 /var/www/html/umkmku/system/CodeIgniter.php(399): CodeIgniter\CodeIgniter->runController()
#7 /var/www/html/umkmku/system/CodeIgniter.php(317): CodeIgniter\CodeIgniter->handleRequest()
#8 /var/www/html/umkmku/public/index.php(36): CodeIgniter\CodeIgniter->run()
#9 {main}
CRITICAL - 2023-01-27 21:40:50 --> Undefined variable: umum_blibli
#0 /var/www/html/umkmku/app/Views/shopee/index.php(77): CodeIgniter\Debug\Exceptions->errorHandler()
#1 /var/www/html/umkmku/system/View/View.php(214): include('/var/www/html/u...')
#2 /var/www/html/umkmku/system/View/View.php(217): CodeIgniter\View\View->CodeIgniter\View\{closure}()
#3 /var/www/html/umkmku/system/Common.php(1092): CodeIgniter\View\View->render()
#4 /var/www/html/umkmku/app/Controllers/Shopee.php(15): view()
#5 /var/www/html/umkmku/system/CodeIgniter.php(802): App\Controllers\Shopee->index()
#6 /var/www/html/umkmku/system/CodeIgniter.php(399): CodeIgniter\CodeIgniter->runController()
#7 /var/www/html/umkmku/system/CodeIgniter.php(317): CodeIgniter\CodeIgniter->handleRequest()
#8 /var/www/html/umkmku/public/index.php(36): CodeIgniter\CodeIgniter->run()
#9 {main}
CRITICAL - 2023-01-27 22:01:42 --> Undefined index: produk_terjual
#0 /var/www/html/umkmku/app/Views/shopee/index.php(82): CodeIgniter\Debug\Exceptions->errorHandler()
#1 /var/www/html/umkmku/system/View/View.php(214): include('/var/www/html/u...')
#2 /var/www/html/umkmku/system/View/View.php(217): CodeIgniter\View\View->CodeIgniter\View\{closure}()
#3 /var/www/html/umkmku/system/Common.php(1092): CodeIgniter\View\View->render()
#4 /var/www/html/umkmku/app/Controllers/Shopee.php(15): view()
#5 /var/www/html/umkmku/system/CodeIgniter.php(802): App\Controllers\Shopee->index()
#6 /var/www/html/umkmku/system/CodeIgniter.php(399): CodeIgniter\CodeIgniter->runController()
#7 /var/www/html/umkmku/system/CodeIgniter.php(317): CodeIgniter\CodeIgniter->handleRequest()
#8 /var/www/html/umkmku/public/index.php(36): CodeIgniter\CodeIgniter->run()
#9 {main}
CRITICAL - 2023-01-27 22:11:44 --> Undefined index: produk_terjual
#0 /var/www/html/umkmku/app/Views/shopee/index.php(82): CodeIgniter\Debug\Exceptions->errorHandler()
#1 /var/www/html/umkmku/system/View/View.php(214): include('/var/www/html/u...')
#2 /var/www/html/umkmku/system/View/View.php(217): CodeIgniter\View\View->CodeIgniter\View\{closure}()
#3 /var/www/html/umkmku/system/Common.php(1092): CodeIgniter\View\View->render()
#4 /var/www/html/umkmku/app/Controllers/Shopee.php(15): view()
#5 /var/www/html/umkmku/system/CodeIgniter.php(802): App\Controllers\Shopee->index()
#6 /var/www/html/umkmku/system/CodeIgniter.php(399): CodeIgniter\CodeIgniter->runController()
#7 /var/www/html/umkmku/system/CodeIgniter.php(317): CodeIgniter\CodeIgniter->handleRequest()
#8 /var/www/html/umkmku/public/index.php(36): CodeIgniter\CodeIgniter->run()
#9 {main}
CRITICAL - 2023-01-27 22:11:46 --> Undefined index: produk_terjual
#0 /var/www/html/umkmku/app/Views/shopee/index.php(82): CodeIgniter\Debug\Exceptions->errorHandler()
#1 /var/www/html/umkmku/system/View/View.php(214): include('/var/www/html/u...')
#2 /var/www/html/umkmku/system/View/View.php(217): CodeIgniter\View\View->CodeIgniter\View\{closure}()
#3 /var/www/html/umkmku/system/Common.php(1092): CodeIgniter\View\View->render()
#4 /var/www/html/umkmku/app/Controllers/Shopee.php(15): view()
#5 /var/www/html/umkmku/system/CodeIgniter.php(802): App\Controllers\Shopee->index()
#6 /var/www/html/umkmku/system/CodeIgniter.php(399): CodeIgniter\CodeIgniter->runController()
#7 /var/www/html/umkmku/system/CodeIgniter.php(317): CodeIgniter\CodeIgniter->handleRequest()
#8 /var/www/html/umkmku/public/index.php(36): CodeIgniter\CodeIgniter->run()
#9 {main}
CRITICAL - 2023-01-27 22:23:06 --> Undefined variable: umum_shopee
#0 /var/www/html/umkmku/app/Views/tokped/index.php(78): CodeIgniter\Debug\Exceptions->errorHandler()
#1 /var/www/html/umkmku/system/View/View.php(214): include('/var/www/html/u...')
#2 /var/www/html/umkmku/system/View/View.php(217): CodeIgniter\View\View->CodeIgniter\View\{closure}()
#3 /var/www/html/umkmku/system/Common.php(1092): CodeIgniter\View\View->render()
#4 /var/www/html/umkmku/app/Controllers/Tokped.php(15): view()
#5 /var/www/html/umkmku/system/CodeIgniter.php(802): App\Controllers\Tokped->index()
#6 /var/www/html/umkmku/system/CodeIgniter.php(399): CodeIgniter\CodeIgniter->runController()
#7 /var/www/html/umkmku/system/CodeIgniter.php(317): CodeIgniter\CodeIgniter->handleRequest()
#8 /var/www/html/umkmku/public/index.php(36): CodeIgniter\CodeIgniter->run()
#9 {main}
CRITICAL - 2023-01-27 22:53:40 --> Undefined index: penjualan
#0 /var/www/html/umkmku/app/Views/tokped/index.php(82): CodeIgniter\Debug\Exceptions->errorHandler()
#1 /var/www/html/umkmku/system/View/View.php(214): include('/var/www/html/u...')
#2 /var/www/html/umkmku/system/View/View.php(217): CodeIgniter\View\View->CodeIgniter\View\{closure}()
#3 /var/www/html/umkmku/system/Common.php(1092): CodeIgniter\View\View->render()
#4 /var/www/html/umkmku/app/Controllers/Tokped.php(15): view()
#5 /var/www/html/umkmku/system/CodeIgniter.php(802): App\Controllers\Tokped->index()
#6 /var/www/html/umkmku/system/CodeIgniter.php(399): CodeIgniter\CodeIgniter->runController()
#7 /var/www/html/umkmku/system/CodeIgniter.php(317): CodeIgniter\CodeIgniter->handleRequest()
#8 /var/www/html/umkmku/public/index.php(36): CodeIgniter\CodeIgniter->run()
#9 {main}
CRITICAL - 2023-01-27 22:55:21 --> Undefined index: $pendapatan_bersih_bukan_bebas_ongkir =
#0 /var/www/html/umkmku/app/Views/tokped/index.php(86): CodeIgniter\Debug\Exceptions->errorHandler()
#1 /var/www/html/umkmku/system/View/View.php(214): include('/var/www/html/u...')
#2 /var/www/html/umkmku/system/View/View.php(217): CodeIgniter\View\View->CodeIgniter\View\{closure}()
#3 /var/www/html/umkmku/system/Common.php(1092): CodeIgniter\View\View->render()
#4 /var/www/html/umkmku/app/Controllers/Tokped.php(15): view()
#5 /var/www/html/umkmku/system/CodeIgniter.php(802): App\Controllers\Tokped->index()
#6 /var/www/html/umkmku/system/CodeIgniter.php(399): CodeIgniter\CodeIgniter->runController()
#7 /var/www/html/umkmku/system/CodeIgniter.php(317): CodeIgniter\CodeIgniter->handleRequest()
#8 /var/www/html/umkmku/public/index.php(36): CodeIgniter\CodeIgniter->run()
#9 {main}
CRITICAL - 2023-01-27 22:58:50 --> Undefined index: $pendapatan_bersih_bukan_bebas_ongkir =
#0 /var/www/html/umkmku/app/Views/tokped/index.php(86): CodeIgniter\Debug\Exceptions->errorHandler()
#1 /var/www/html/umkmku/system/View/View.php(214): include('/var/www/html/u...')
#2 /var/www/html/umkmku/system/View/View.php(217): CodeIgniter\View\View->CodeIgniter\View\{closure}()
#3 /var/www/html/umkmku/system/Common.php(1092): CodeIgniter\View\View->render()
#4 /var/www/html/umkmku/app/Controllers/Tokped.php(15): view()
#5 /var/www/html/umkmku/system/CodeIgniter.php(802): App\Controllers\Tokped->index()
#6 /var/www/html/umkmku/system/CodeIgniter.php(399): CodeIgniter\CodeIgniter->runController()
#7 /var/www/html/umkmku/system/CodeIgniter.php(317): CodeIgniter\CodeIgniter->handleRequest()
#8 /var/www/html/umkmku/public/index.php(36): CodeIgniter\CodeIgniter->run()
#9 {main}
CRITICAL - 2023-01-27 22:59:06 --> Undefined index: $pendapatan_bersih_bukan_bebas_ongkir
#0 /var/www/html/umkmku/app/Views/tokped/index.php(86): CodeIgniter\Debug\Exceptions->errorHandler()
#1 /var/www/html/umkmku/system/View/View.php(214): include('/var/www/html/u...')
#2 /var/www/html/umkmku/system/View/View.php(217): CodeIgniter\View\View->CodeIgniter\View\{closure}()
#3 /var/www/html/umkmku/system/Common.php(1092): CodeIgniter\View\View->render()
#4 /var/www/html/umkmku/app/Controllers/Tokped.php(15): view()
#5 /var/www/html/umkmku/system/CodeIgniter.php(802): App\Controllers\Tokped->index()
#6 /var/www/html/umkmku/system/CodeIgniter.php(399): CodeIgniter\CodeIgniter->runController()
#7 /var/www/html/umkmku/system/CodeIgniter.php(317): CodeIgniter\CodeIgniter->handleRequest()
#8 /var/www/html/umkmku/public/index.php(36): CodeIgniter\CodeIgniter->run()
#9 {main}
