CRITICAL - 2023-02-23 00:01:50 --> Undefined variable: id
#0 /var/www/html/kreplin/app/Controllers/Website.php(63): CodeIgniter\Debug\Exceptions->errorHandler()
#1 /var/www/html/kreplin/system/CodeIgniter.php(802): App\Controllers\Website->tes()
#2 /var/www/html/kreplin/system/CodeIgniter.php(399): CodeIgniter\CodeIgniter->runController()
#3 /var/www/html/kreplin/system/CodeIgniter.php(317): CodeIgniter\CodeIgniter->handleRequest()
#4 /var/www/html/kreplin/public/index.php(36): CodeIgniter\CodeIgniter->run()
#5 {main}
CRITICAL - 2023-02-23 00:01:53 --> Undefined variable: id
#0 /var/www/html/kreplin/app/Controllers/Website.php(63): CodeIgniter\Debug\Exceptions->errorHandler()
#1 /var/www/html/kreplin/system/CodeIgniter.php(802): App\Controllers\Website->tes()
#2 /var/www/html/kreplin/system/CodeIgniter.php(399): CodeIgniter\CodeIgniter->runController()
#3 /var/www/html/kreplin/system/CodeIgniter.php(317): CodeIgniter\CodeIgniter->handleRequest()
#4 /var/www/html/kreplin/public/index.php(36): CodeIgniter\CodeIgniter->run()
#5 {main}
CRITICAL - 2023-02-23 00:02:26 --> Undefined variable: id
#0 /var/www/html/kreplin/app/Controllers/Website.php(63): CodeIgniter\Debug\Exceptions->errorHandler()
#1 /var/www/html/kreplin/system/CodeIgniter.php(802): App\Controllers\Website->tes()
#2 /var/www/html/kreplin/system/CodeIgniter.php(399): CodeIgniter\CodeIgniter->runController()
#3 /var/www/html/kreplin/system/CodeIgniter.php(317): CodeIgniter\CodeIgniter->handleRequest()
#4 /var/www/html/kreplin/public/index.php(36): CodeIgniter\CodeIgniter->run()
#5 {main}
CRITICAL - 2023-02-23 05:23:51 --> Undefined variable: id
#0 /var/www/html/kreplin/app/Controllers/Website.php(63): CodeIgniter\Debug\Exceptions->errorHandler()
#1 /var/www/html/kreplin/system/CodeIgniter.php(802): App\Controllers\Website->tes()
#2 /var/www/html/kreplin/system/CodeIgniter.php(399): CodeIgniter\CodeIgniter->runController()
#3 /var/www/html/kreplin/system/CodeIgniter.php(317): CodeIgniter\CodeIgniter->handleRequest()
#4 /var/www/html/kreplin/public/index.php(36): CodeIgniter\CodeIgniter->run()
#5 {main}
CRITICAL - 2023-02-23 05:23:54 --> Undefined variable: id
#0 /var/www/html/kreplin/app/Controllers/Website.php(63): CodeIgniter\Debug\Exceptions->errorHandler()
#1 /var/www/html/kreplin/system/CodeIgniter.php(802): App\Controllers\Website->tes()
#2 /var/www/html/kreplin/system/CodeIgniter.php(399): CodeIgniter\CodeIgniter->runController()
#3 /var/www/html/kreplin/system/CodeIgniter.php(317): CodeIgniter\CodeIgniter->handleRequest()
#4 /var/www/html/kreplin/public/index.php(36): CodeIgniter\CodeIgniter->run()
#5 {main}
CRITICAL - 2023-02-23 05:31:56 --> Undefined variable: id
#0 /var/www/html/kreplin/app/Controllers/Website.php(63): CodeIgniter\Debug\Exceptions->errorHandler()
#1 /var/www/html/kreplin/system/CodeIgniter.php(802): App\Controllers\Website->tes()
#2 /var/www/html/kreplin/system/CodeIgniter.php(399): CodeIgniter\CodeIgniter->runController()
#3 /var/www/html/kreplin/system/CodeIgniter.php(317): CodeIgniter\CodeIgniter->handleRequest()
#4 /var/www/html/kreplin/public/index.php(36): CodeIgniter\CodeIgniter->run()
#5 {main}
CRITICAL - 2023-02-23 07:23:27 --> Undefined variable: id
#0 /var/www/html/kreplin/app/Controllers/Website.php(63): CodeIgniter\Debug\Exceptions->errorHandler()
#1 /var/www/html/kreplin/system/CodeIgniter.php(802): App\Controllers\Website->tes()
#2 /var/www/html/kreplin/system/CodeIgniter.php(399): CodeIgniter\CodeIgniter->runController()
#3 /var/www/html/kreplin/system/CodeIgniter.php(317): CodeIgniter\CodeIgniter->handleRequest()
#4 /var/www/html/kreplin/public/index.php(36): CodeIgniter\CodeIgniter->run()
#5 {main}
CRITICAL - 2023-02-23 07:23:30 --> Undefined variable: id
#0 /var/www/html/kreplin/app/Controllers/Website.php(63): CodeIgniter\Debug\Exceptions->errorHandler()
#1 /var/www/html/kreplin/system/CodeIgniter.php(802): App\Controllers\Website->tes()
#2 /var/www/html/kreplin/system/CodeIgniter.php(399): CodeIgniter\CodeIgniter->runController()
#3 /var/www/html/kreplin/system/CodeIgniter.php(317): CodeIgniter\CodeIgniter->handleRequest()
#4 /var/www/html/kreplin/public/index.php(36): CodeIgniter\CodeIgniter->run()
#5 {main}
CRITICAL - 2023-02-23 07:23:45 --> Undefined variable: id
#0 /var/www/html/kreplin/app/Controllers/Website.php(63): CodeIgniter\Debug\Exceptions->errorHandler()
#1 /var/www/html/kreplin/system/CodeIgniter.php(802): App\Controllers\Website->tes()
#2 /var/www/html/kreplin/system/CodeIgniter.php(399): CodeIgniter\CodeIgniter->runController()
#3 /var/www/html/kreplin/system/CodeIgniter.php(317): CodeIgniter\CodeIgniter->handleRequest()
#4 /var/www/html/kreplin/public/index.php(36): CodeIgniter\CodeIgniter->run()
#5 {main}
CRITICAL - 2023-02-23 10:36:28 --> syntax error, unexpected '{'
#0 /var/www/html/kreplin/system/View/View.php(217): CodeIgniter\View\View->CodeIgniter\View\{closure}()
#1 /var/www/html/kreplin/system/Common.php(1092): CodeIgniter\View\View->render()
#2 /var/www/html/kreplin/app/Controllers/Website.php(64): view()
#3 /var/www/html/kreplin/system/CodeIgniter.php(802): App\Controllers\Website->tes()
#4 /var/www/html/kreplin/system/CodeIgniter.php(399): CodeIgniter\CodeIgniter->runController()
#5 /var/www/html/kreplin/system/CodeIgniter.php(317): CodeIgniter\CodeIgniter->handleRequest()
#6 /var/www/html/kreplin/public/index.php(36): CodeIgniter\CodeIgniter->run()
#7 {main}
CRITICAL - 2023-02-23 11:04:00 --> Trying to access array offset on value of type null
#0 /var/www/html/kreplin/app/Controllers/Website.php(76): CodeIgniter\Debug\Exceptions->errorHandler()
#1 /var/www/html/kreplin/system/CodeIgniter.php(802): App\Controllers\Website->jawab()
#2 /var/www/html/kreplin/system/CodeIgniter.php(399): CodeIgniter\CodeIgniter->runController()
#3 /var/www/html/kreplin/system/CodeIgniter.php(317): CodeIgniter\CodeIgniter->handleRequest()
#4 /var/www/html/kreplin/public/index.php(36): CodeIgniter\CodeIgniter->run()
#5 {main}
CRITICAL - 2023-02-23 11:06:13 --> Undefined variable: session
#0 /var/www/html/kreplin/app/Views/website/tes.php(91): CodeIgniter\Debug\Exceptions->errorHandler()
#1 /var/www/html/kreplin/system/View/View.php(214): include('/var/www/html/k...')
#2 /var/www/html/kreplin/system/View/View.php(217): CodeIgniter\View\View->CodeIgniter\View\{closure}()
#3 /var/www/html/kreplin/system/Common.php(1092): CodeIgniter\View\View->render()
#4 /var/www/html/kreplin/app/Controllers/Website.php(66): view()
#5 /var/www/html/kreplin/system/CodeIgniter.php(802): App\Controllers\Website->tes()
#6 /var/www/html/kreplin/system/CodeIgniter.php(399): CodeIgniter\CodeIgniter->runController()
#7 /var/www/html/kreplin/system/CodeIgniter.php(317): CodeIgniter\CodeIgniter->handleRequest()
#8 /var/www/html/kreplin/public/index.php(36): CodeIgniter\CodeIgniter->run()
#9 {main}
CRITICAL - 2023-02-23 11:06:33 --> Trying to access array offset on value of type null
#0 /var/www/html/kreplin/app/Controllers/Website.php(76): CodeIgniter\Debug\Exceptions->errorHandler()
#1 /var/www/html/kreplin/system/CodeIgniter.php(802): App\Controllers\Website->jawab()
#2 /var/www/html/kreplin/system/CodeIgniter.php(399): CodeIgniter\CodeIgniter->runController()
#3 /var/www/html/kreplin/system/CodeIgniter.php(317): CodeIgniter\CodeIgniter->handleRequest()
#4 /var/www/html/kreplin/public/index.php(36): CodeIgniter\CodeIgniter->run()
#5 {main}
CRITICAL - 2023-02-23 11:10:26 --> Trying to access array offset on value of type null
#0 /var/www/html/kreplin/app/Controllers/Website.php(76): CodeIgniter\Debug\Exceptions->errorHandler()
#1 /var/www/html/kreplin/system/CodeIgniter.php(802): App\Controllers\Website->jawab()
#2 /var/www/html/kreplin/system/CodeIgniter.php(399): CodeIgniter\CodeIgniter->runController()
#3 /var/www/html/kreplin/system/CodeIgniter.php(317): CodeIgniter\CodeIgniter->handleRequest()
#4 /var/www/html/kreplin/public/index.php(36): CodeIgniter\CodeIgniter->run()
#5 {main}
CRITICAL - 2023-02-23 11:11:29 --> Trying to access array offset on value of type null
#0 /var/www/html/kreplin/app/Controllers/Website.php(76): CodeIgniter\Debug\Exceptions->errorHandler()
#1 /var/www/html/kreplin/system/CodeIgniter.php(802): App\Controllers\Website->jawab()
#2 /var/www/html/kreplin/system/CodeIgniter.php(399): CodeIgniter\CodeIgniter->runController()
#3 /var/www/html/kreplin/system/CodeIgniter.php(317): CodeIgniter\CodeIgniter->handleRequest()
#4 /var/www/html/kreplin/public/index.php(36): CodeIgniter\CodeIgniter->run()
#5 {main}
CRITICAL - 2023-02-23 11:14:02 --> Trying to access array offset on value of type null
#0 /var/www/html/kreplin/app/Controllers/Website.php(76): CodeIgniter\Debug\Exceptions->errorHandler()
#1 /var/www/html/kreplin/system/CodeIgniter.php(802): App\Controllers\Website->jawab()
#2 /var/www/html/kreplin/system/CodeIgniter.php(399): CodeIgniter\CodeIgniter->runController()
#3 /var/www/html/kreplin/system/CodeIgniter.php(317): CodeIgniter\CodeIgniter->handleRequest()
#4 /var/www/html/kreplin/public/index.php(36): CodeIgniter\CodeIgniter->run()
#5 {main}
CRITICAL - 2023-02-23 11:14:34 --> Trying to access array offset on value of type null
#0 /var/www/html/kreplin/app/Controllers/Website.php(76): CodeIgniter\Debug\Exceptions->errorHandler()
#1 /var/www/html/kreplin/system/CodeIgniter.php(802): App\Controllers\Website->jawab()
#2 /var/www/html/kreplin/system/CodeIgniter.php(399): CodeIgniter\CodeIgniter->runController()
#3 /var/www/html/kreplin/system/CodeIgniter.php(317): CodeIgniter\CodeIgniter->handleRequest()
#4 /var/www/html/kreplin/public/index.php(36): CodeIgniter\CodeIgniter->run()
#5 {main}
CRITICAL - 2023-02-23 11:16:17 --> Trying to access array offset on value of type null
#0 /var/www/html/kreplin/app/Controllers/Website.php(77): CodeIgniter\Debug\Exceptions->errorHandler()
#1 /var/www/html/kreplin/system/CodeIgniter.php(802): App\Controllers\Website->jawab()
#2 /var/www/html/kreplin/system/CodeIgniter.php(399): CodeIgniter\CodeIgniter->runController()
#3 /var/www/html/kreplin/system/CodeIgniter.php(317): CodeIgniter\CodeIgniter->handleRequest()
#4 /var/www/html/kreplin/public/index.php(36): CodeIgniter\CodeIgniter->run()
#5 {main}
CRITICAL - 2023-02-23 11:20:03 --> Trying to access array offset on value of type null
#0 /var/www/html/kreplin/app/Controllers/Website.php(76): CodeIgniter\Debug\Exceptions->errorHandler()
#1 /var/www/html/kreplin/system/CodeIgniter.php(802): App\Controllers\Website->jawab()
#2 /var/www/html/kreplin/system/CodeIgniter.php(399): CodeIgniter\CodeIgniter->runController()
#3 /var/www/html/kreplin/system/CodeIgniter.php(317): CodeIgniter\CodeIgniter->handleRequest()
#4 /var/www/html/kreplin/public/index.php(36): CodeIgniter\CodeIgniter->run()
#5 {main}
CRITICAL - 2023-02-23 11:22:00 --> Trying to access array offset on value of type null
#0 /var/www/html/kreplin/app/Controllers/Website.php(76): CodeIgniter\Debug\Exceptions->errorHandler()
#1 /var/www/html/kreplin/system/CodeIgniter.php(802): App\Controllers\Website->jawab()
#2 /var/www/html/kreplin/system/CodeIgniter.php(399): CodeIgniter\CodeIgniter->runController()
#3 /var/www/html/kreplin/system/CodeIgniter.php(317): CodeIgniter\CodeIgniter->handleRequest()
#4 /var/www/html/kreplin/public/index.php(36): CodeIgniter\CodeIgniter->run()
#5 {main}
CRITICAL - 2023-02-23 11:22:37 --> Trying to access array offset on value of type null
#0 /var/www/html/kreplin/app/Controllers/Website.php(76): CodeIgniter\Debug\Exceptions->errorHandler()
#1 /var/www/html/kreplin/system/CodeIgniter.php(802): App\Controllers\Website->jawab()
#2 /var/www/html/kreplin/system/CodeIgniter.php(399): CodeIgniter\CodeIgniter->runController()
#3 /var/www/html/kreplin/system/CodeIgniter.php(317): CodeIgniter\CodeIgniter->handleRequest()
#4 /var/www/html/kreplin/public/index.php(36): CodeIgniter\CodeIgniter->run()
#5 {main}
CRITICAL - 2023-02-23 13:45:27 --> Trying to access array offset on value of type null
#0 /var/www/html/kreplin/app/Controllers/Website.php(75): CodeIgniter\Debug\Exceptions->errorHandler()
#1 /var/www/html/kreplin/system/CodeIgniter.php(802): App\Controllers\Website->jawab()
#2 /var/www/html/kreplin/system/CodeIgniter.php(399): CodeIgniter\CodeIgniter->runController()
#3 /var/www/html/kreplin/system/CodeIgniter.php(317): CodeIgniter\CodeIgniter->handleRequest()
#4 /var/www/html/kreplin/public/index.php(36): CodeIgniter\CodeIgniter->run()
#5 {main}
CRITICAL - 2023-02-23 13:45:52 --> Trying to access array offset on value of type null
#0 /var/www/html/kreplin/app/Controllers/Website.php(75): CodeIgniter\Debug\Exceptions->errorHandler()
#1 /var/www/html/kreplin/system/CodeIgniter.php(802): App\Controllers\Website->jawab()
#2 /var/www/html/kreplin/system/CodeIgniter.php(399): CodeIgniter\CodeIgniter->runController()
#3 /var/www/html/kreplin/system/CodeIgniter.php(317): CodeIgniter\CodeIgniter->handleRequest()
#4 /var/www/html/kreplin/public/index.php(36): CodeIgniter\CodeIgniter->run()
#5 {main}
ERROR - 2023-02-23 14:23:16 --> You have an error in your SQL syntax; check the manual that corresponds to your MySQL server version for the right syntax to use near 'IS NULL
AND `selesai` < IS NULL' at line 3
CRITICAL - 2023-02-23 14:23:16 --> You have an error in your SQL syntax; check the manual that corresponds to your MySQL server version for the right syntax to use near 'IS NULL
AND `selesai` < IS NULL' at line 3
#0 /var/www/html/kreplin/system/Database/MySQLi/Connection.php(280): mysqli->query()
#1 /var/www/html/kreplin/system/Database/BaseConnection.php(663): CodeIgniter\Database\MySQLi\Connection->execute()
#2 /var/www/html/kreplin/system/Database/BaseConnection.php(591): CodeIgniter\Database\BaseConnection->simpleQuery()
#3 /var/www/html/kreplin/system/Database/BaseBuilder.php(1428): CodeIgniter\Database\BaseConnection->query()
#4 /var/www/html/kreplin/app/Controllers/Base.php(30): CodeIgniter\Database\BaseBuilder->get()
#5 /var/www/html/kreplin/system/CodeIgniter.php(802): App\Controllers\Base->export_excel()
#6 /var/www/html/kreplin/system/CodeIgniter.php(399): CodeIgniter\CodeIgniter->runController()
#7 /var/www/html/kreplin/system/CodeIgniter.php(317): CodeIgniter\CodeIgniter->handleRequest()
#8 /var/www/html/kreplin/public/index.php(36): CodeIgniter\CodeIgniter->run()
#9 {main}
ERROR - 2023-02-23 14:23:37 --> You have an error in your SQL syntax; check the manual that corresponds to your MySQL server version for the right syntax to use near 'IS NULL
AND `selesai` < IS NULL' at line 3
CRITICAL - 2023-02-23 14:23:37 --> You have an error in your SQL syntax; check the manual that corresponds to your MySQL server version for the right syntax to use near 'IS NULL
AND `selesai` < IS NULL' at line 3
#0 /var/www/html/kreplin/system/Database/MySQLi/Connection.php(280): mysqli->query()
#1 /var/www/html/kreplin/system/Database/BaseConnection.php(663): CodeIgniter\Database\MySQLi\Connection->execute()
#2 /var/www/html/kreplin/system/Database/BaseConnection.php(591): CodeIgniter\Database\BaseConnection->simpleQuery()
#3 /var/www/html/kreplin/system/Database/BaseBuilder.php(1428): CodeIgniter\Database\BaseConnection->query()
#4 /var/www/html/kreplin/app/Controllers/Base.php(30): CodeIgniter\Database\BaseBuilder->get()
#5 /var/www/html/kreplin/system/CodeIgniter.php(802): App\Controllers\Base->export_excel()
#6 /var/www/html/kreplin/system/CodeIgniter.php(399): CodeIgniter\CodeIgniter->runController()
#7 /var/www/html/kreplin/system/CodeIgniter.php(317): CodeIgniter\CodeIgniter->handleRequest()
#8 /var/www/html/kreplin/public/index.php(36): CodeIgniter\CodeIgniter->run()
#9 {main}
CRITICAL - 2023-02-23 14:24:45 --> Class 'App\Controllers\Spreadsheet' not found
#0 /var/www/html/kreplin/system/CodeIgniter.php(802): App\Controllers\Base->export_excel()
#1 /var/www/html/kreplin/system/CodeIgniter.php(399): CodeIgniter\CodeIgniter->runController()
#2 /var/www/html/kreplin/system/CodeIgniter.php(317): CodeIgniter\CodeIgniter->handleRequest()
#3 /var/www/html/kreplin/public/index.php(36): CodeIgniter\CodeIgniter->run()
#4 {main}
CRITICAL - 2023-02-23 14:25:14 --> Class 'App\Controllers\PHPExcel_Style_Alignment' not found
#0 /var/www/html/kreplin/system/CodeIgniter.php(802): App\Controllers\Base->export_excel()
#1 /var/www/html/kreplin/system/CodeIgniter.php(399): CodeIgniter\CodeIgniter->runController()
#2 /var/www/html/kreplin/system/CodeIgniter.php(317): CodeIgniter\CodeIgniter->handleRequest()
#3 /var/www/html/kreplin/public/index.php(36): CodeIgniter\CodeIgniter->run()
#4 {main}
CRITICAL - 2023-02-23 14:27:36 --> syntax error, unexpected '->' (T_OBJECT_OPERATOR), expecting identifier (T_STRING) or variable (T_VARIABLE) or '{' or '$'
#0 /var/www/html/kreplin/system/Router/Router.php(160): CodeIgniter\Router\Router->autoRoute()
#1 /var/www/html/kreplin/system/CodeIgniter.php(702): CodeIgniter\Router\Router->handle()
#2 /var/www/html/kreplin/system/CodeIgniter.php(358): CodeIgniter\CodeIgniter->tryToRouteIt()
#3 /var/www/html/kreplin/system/CodeIgniter.php(317): CodeIgniter\CodeIgniter->handleRequest()
#4 /var/www/html/kreplin/public/index.php(36): CodeIgniter\CodeIgniter->run()
#5 {main}
CRITICAL - 2023-02-23 14:27:50 --> Undefined variable: objPHPExcel
#0 /var/www/html/kreplin/app/Controllers/Base.php(35): CodeIgniter\Debug\Exceptions->errorHandler()
#1 /var/www/html/kreplin/system/CodeIgniter.php(802): App\Controllers\Base->export_excel()
#2 /var/www/html/kreplin/system/CodeIgniter.php(399): CodeIgniter\CodeIgniter->runController()
#3 /var/www/html/kreplin/system/CodeIgniter.php(317): CodeIgniter\CodeIgniter->handleRequest()
#4 /var/www/html/kreplin/public/index.php(36): CodeIgniter\CodeIgniter->run()
#5 {main}
CRITICAL - 2023-02-23 14:28:02 --> Class 'App\Controllers\PHPExcel_Style_Alignment' not found
#0 /var/www/html/kreplin/system/CodeIgniter.php(802): App\Controllers\Base->export_excel()
#1 /var/www/html/kreplin/system/CodeIgniter.php(399): CodeIgniter\CodeIgniter->runController()
#2 /var/www/html/kreplin/system/CodeIgniter.php(317): CodeIgniter\CodeIgniter->handleRequest()
#3 /var/www/html/kreplin/public/index.php(36): CodeIgniter\CodeIgniter->run()
#4 {main}
CRITICAL - 2023-02-23 14:34:09 --> Class 'App\Controllers\PHPExcel_Style_Alignment' not found
#0 /var/www/html/kreplin/system/CodeIgniter.php(802): App\Controllers\Base->export_excel()
#1 /var/www/html/kreplin/system/CodeIgniter.php(399): CodeIgniter\CodeIgniter->runController()
#2 /var/www/html/kreplin/system/CodeIgniter.php(317): CodeIgniter\CodeIgniter->handleRequest()
#3 /var/www/html/kreplin/public/index.php(36): CodeIgniter\CodeIgniter->run()
#4 {main}
CRITICAL - 2023-02-23 14:42:05 --> Call to undefined method PhpOffice\PhpSpreadsheet\Worksheet\Worksheet::setValue()
#0 /var/www/html/kreplin/system/CodeIgniter.php(802): App\Controllers\Base->export_excel()
#1 /var/www/html/kreplin/system/CodeIgniter.php(399): CodeIgniter\CodeIgniter->runController()
#2 /var/www/html/kreplin/system/CodeIgniter.php(317): CodeIgniter\CodeIgniter->handleRequest()
#3 /var/www/html/kreplin/public/index.php(36): CodeIgniter\CodeIgniter->run()
#4 {main}
CRITICAL - 2023-02-23 14:42:27 --> Too few arguments to function PhpOffice\PhpSpreadsheet\Worksheet\Worksheet::setCellValue(), 1 passed in /var/www/html/kreplin/app/Controllers/Base.php on line 42 and exactly 2 expected
#0 /var/www/html/kreplin/app/Controllers/Base.php(42): PhpOffice\PhpSpreadsheet\Worksheet\Worksheet->setCellValue()
#1 /var/www/html/kreplin/system/CodeIgniter.php(802): App\Controllers\Base->export_excel()
#2 /var/www/html/kreplin/system/CodeIgniter.php(399): CodeIgniter\CodeIgniter->runController()
#3 /var/www/html/kreplin/system/CodeIgniter.php(317): CodeIgniter\CodeIgniter->handleRequest()
#4 /var/www/html/kreplin/public/index.php(36): CodeIgniter\CodeIgniter->run()
#5 {main}
CRITICAL - 2023-02-23 14:43:26 --> Call to undefined method PhpOffice\PhpSpreadsheet\Worksheet\Worksheet::setValue()
#0 /var/www/html/kreplin/system/CodeIgniter.php(802): App\Controllers\Base->export_excel()
#1 /var/www/html/kreplin/system/CodeIgniter.php(399): CodeIgniter\CodeIgniter->runController()
#2 /var/www/html/kreplin/system/CodeIgniter.php(317): CodeIgniter\CodeIgniter->handleRequest()
#3 /var/www/html/kreplin/public/index.php(36): CodeIgniter\CodeIgniter->run()
#4 {main}
ERROR - 2023-02-23 15:47:06 --> You have an error in your SQL syntax; check the manual that corresponds to your MySQL server version for the right syntax to use near 'IS NULL
AND DATE_FORMAT(selesai,"%Y-%m-%d") < IS NULL' at line 3
CRITICAL - 2023-02-23 15:47:06 --> You have an error in your SQL syntax; check the manual that corresponds to your MySQL server version for the right syntax to use near 'IS NULL
AND DATE_FORMAT(selesai,"%Y-%m-%d") < IS NULL' at line 3
#0 /var/www/html/kreplin/system/Database/MySQLi/Connection.php(280): mysqli->query()
#1 /var/www/html/kreplin/system/Database/BaseConnection.php(663): CodeIgniter\Database\MySQLi\Connection->execute()
#2 /var/www/html/kreplin/system/Database/BaseConnection.php(591): CodeIgniter\Database\BaseConnection->simpleQuery()
#3 /var/www/html/kreplin/system/Database/BaseBuilder.php(1428): CodeIgniter\Database\BaseConnection->query()
#4 /var/www/html/kreplin/app/Controllers/Base.php(33): CodeIgniter\Database\BaseBuilder->get()
#5 /var/www/html/kreplin/system/CodeIgniter.php(802): App\Controllers\Base->export_excel()
#6 /var/www/html/kreplin/system/CodeIgniter.php(399): CodeIgniter\CodeIgniter->runController()
#7 /var/www/html/kreplin/system/CodeIgniter.php(317): CodeIgniter\CodeIgniter->handleRequest()
#8 /var/www/html/kreplin/public/index.php(36): CodeIgniter\CodeIgniter->run()
#9 {main}
ERROR - 2023-02-23 15:48:09 --> You have an error in your SQL syntax; check the manual that corresponds to your MySQL server version for the right syntax to use near 'IS NULL
AND `selesai` < IS NULL' at line 3
CRITICAL - 2023-02-23 15:48:09 --> You have an error in your SQL syntax; check the manual that corresponds to your MySQL server version for the right syntax to use near 'IS NULL
AND `selesai` < IS NULL' at line 3
#0 /var/www/html/kreplin/system/Database/MySQLi/Connection.php(280): mysqli->query()
#1 /var/www/html/kreplin/system/Database/BaseConnection.php(663): CodeIgniter\Database\MySQLi\Connection->execute()
#2 /var/www/html/kreplin/system/Database/BaseConnection.php(591): CodeIgniter\Database\BaseConnection->simpleQuery()
#3 /var/www/html/kreplin/system/Database/BaseBuilder.php(1428): CodeIgniter\Database\BaseConnection->query()
#4 /var/www/html/kreplin/app/Controllers/Base.php(33): CodeIgniter\Database\BaseBuilder->get()
#5 /var/www/html/kreplin/system/CodeIgniter.php(802): App\Controllers\Base->export_excel()
#6 /var/www/html/kreplin/system/CodeIgniter.php(399): CodeIgniter\CodeIgniter->runController()
#7 /var/www/html/kreplin/system/CodeIgniter.php(317): CodeIgniter\CodeIgniter->handleRequest()
#8 /var/www/html/kreplin/public/index.php(36): CodeIgniter\CodeIgniter->run()
#9 {main}
ERROR - 2023-02-23 16:01:55 --> You have an error in your SQL syntax; check the manual that corresponds to your MySQL server version for the right syntax to use near 'IS NULL
AND `selesai` < IS NULL' at line 3
CRITICAL - 2023-02-23 16:01:55 --> You have an error in your SQL syntax; check the manual that corresponds to your MySQL server version for the right syntax to use near 'IS NULL
AND `selesai` < IS NULL' at line 3
#0 /var/www/html/kreplin/system/Database/MySQLi/Connection.php(280): mysqli->query()
#1 /var/www/html/kreplin/system/Database/BaseConnection.php(663): CodeIgniter\Database\MySQLi\Connection->execute()
#2 /var/www/html/kreplin/system/Database/BaseConnection.php(591): CodeIgniter\Database\BaseConnection->simpleQuery()
#3 /var/www/html/kreplin/system/Database/BaseBuilder.php(1428): CodeIgniter\Database\BaseConnection->query()
#4 /var/www/html/kreplin/app/Controllers/Base.php(33): CodeIgniter\Database\BaseBuilder->get()
#5 /var/www/html/kreplin/system/CodeIgniter.php(802): App\Controllers\Base->export_excel()
#6 /var/www/html/kreplin/system/CodeIgniter.php(399): CodeIgniter\CodeIgniter->runController()
#7 /var/www/html/kreplin/system/CodeIgniter.php(317): CodeIgniter\CodeIgniter->handleRequest()
#8 /var/www/html/kreplin/public/index.php(36): CodeIgniter\CodeIgniter->run()
#9 {main}
ERROR - 2023-02-23 17:48:53 --> Table 'kreplin.lhp' doesn't exist
CRITICAL - 2023-02-23 17:48:53 --> Table 'kreplin.lhp' doesn't exist
#0 /var/www/html/kreplin/system/Database/MySQLi/Connection.php(280): mysqli->query()
#1 /var/www/html/kreplin/system/Database/BaseConnection.php(663): CodeIgniter\Database\MySQLi\Connection->execute()
#2 /var/www/html/kreplin/system/Database/BaseConnection.php(591): CodeIgniter\Database\BaseConnection->simpleQuery()
#3 /var/www/html/kreplin/system/Database/BaseBuilder.php(1428): CodeIgniter\Database\BaseConnection->query()
#4 /var/www/html/kreplin/app/Controllers/Admin.php(27): CodeIgniter\Database\BaseBuilder->get()
#5 /var/www/html/kreplin/system/CodeIgniter.php(802): App\Controllers\Admin->index()
#6 /var/www/html/kreplin/system/CodeIgniter.php(399): CodeIgniter\CodeIgniter->runController()
#7 /var/www/html/kreplin/system/CodeIgniter.php(317): CodeIgniter\CodeIgniter->handleRequest()
#8 /var/www/html/kreplin/public/index.php(36): CodeIgniter\CodeIgniter->run()
#9 {main}
ERROR - 2023-02-23 17:50:01 --> You have an error in your SQL syntax; check the manual that corresponds to your MySQL server version for the right syntax to use near 'IS NULL
AND `selesai` < IS NULL' at line 3
CRITICAL - 2023-02-23 17:50:01 --> You have an error in your SQL syntax; check the manual that corresponds to your MySQL server version for the right syntax to use near 'IS NULL
AND `selesai` < IS NULL' at line 3
#0 /var/www/html/kreplin/system/Database/MySQLi/Connection.php(280): mysqli->query()
#1 /var/www/html/kreplin/system/Database/BaseConnection.php(663): CodeIgniter\Database\MySQLi\Connection->execute()
#2 /var/www/html/kreplin/system/Database/BaseConnection.php(591): CodeIgniter\Database\BaseConnection->simpleQuery()
#3 /var/www/html/kreplin/system/Database/BaseBuilder.php(1428): CodeIgniter\Database\BaseConnection->query()
#4 /var/www/html/kreplin/app/Controllers/Base.php(33): CodeIgniter\Database\BaseBuilder->get()
#5 /var/www/html/kreplin/system/CodeIgniter.php(802): App\Controllers\Base->export_excel()
#6 /var/www/html/kreplin/system/CodeIgniter.php(399): CodeIgniter\CodeIgniter->runController()
#7 /var/www/html/kreplin/system/CodeIgniter.php(317): CodeIgniter\CodeIgniter->handleRequest()
#8 /var/www/html/kreplin/public/index.php(36): CodeIgniter\CodeIgniter->run()
#9 {main}
ERROR - 2023-02-23 21:45:15 --> Table 'kreplin.user' doesn't exist
CRITICAL - 2023-02-23 21:45:15 --> Table 'kreplin.user' doesn't exist
#0 /var/www/html/kreplin/system/Database/MySQLi/Connection.php(280): mysqli->query()
#1 /var/www/html/kreplin/system/Database/BaseConnection.php(663): CodeIgniter\Database\MySQLi\Connection->execute()
#2 /var/www/html/kreplin/system/Database/BaseConnection.php(591): CodeIgniter\Database\BaseConnection->simpleQuery()
#3 /var/www/html/kreplin/system/Database/BaseBuilder.php(1428): CodeIgniter\Database\BaseConnection->query()
#4 /var/www/html/kreplin/app/Controllers/Auth.php(31): CodeIgniter\Database\BaseBuilder->get()
#5 /var/www/html/kreplin/system/CodeIgniter.php(802): App\Controllers\Auth->verif()
#6 /var/www/html/kreplin/system/CodeIgniter.php(399): CodeIgniter\CodeIgniter->runController()
#7 /var/www/html/kreplin/system/CodeIgniter.php(317): CodeIgniter\CodeIgniter->handleRequest()
#8 /var/www/html/kreplin/public/index.php(36): CodeIgniter\CodeIgniter->run()
#9 {main}
CRITICAL - 2023-02-23 22:05:57 --> syntax error, unexpected '}', expecting end of file
#0 /var/www/html/kreplin/system/Router/Router.php(160): CodeIgniter\Router\Router->autoRoute()
#1 /var/www/html/kreplin/system/CodeIgniter.php(702): CodeIgniter\Router\Router->handle()
#2 /var/www/html/kreplin/system/CodeIgniter.php(358): CodeIgniter\CodeIgniter->tryToRouteIt()
#3 /var/www/html/kreplin/system/CodeIgniter.php(317): CodeIgniter\CodeIgniter->handleRequest()
#4 /var/www/html/kreplin/public/index.php(36): CodeIgniter\CodeIgniter->run()
#5 {main}
CRITICAL - 2023-02-23 22:13:57 --> Object of class App\Controllers\Base could not be converted to string
#0 /var/www/html/kreplin/system/CodeIgniter.php(802): App\Controllers\Base->export_excel()
#1 /var/www/html/kreplin/system/CodeIgniter.php(399): CodeIgniter\CodeIgniter->runController()
#2 /var/www/html/kreplin/system/CodeIgniter.php(317): CodeIgniter\CodeIgniter->handleRequest()
#3 /var/www/html/kreplin/public/index.php(36): CodeIgniter\CodeIgniter->run()
#4 {main}
